{"D:\\Projects\\Winter 2023\\Team Project\\SOEN390_Team13\\soen390_backend\\src\\firebaseconfig.ts":{"path":"D:\\Projects\\Winter 2023\\Team Project\\SOEN390_Team13\\soen390_backend\\src\\firebaseconfig.ts","statementMap":{"0":{"start":{"line":2,"column":22},"end":{"line":4,"column":1}},"1":{"start":{"line":3,"column":4},"end":{"line":3,"column":62}},"2":{"start":{"line":5,"column":0},"end":{"line":5,"column":62}},"3":{"start":{"line":6,"column":0},"end":{"line":6,"column":20}},"4":{"start":{"line":7,"column":17},"end":{"line":7,"column":53}},"5":{"start":{"line":8,"column":21},"end":{"line":16,"column":1}},"6":{"start":{"line":17,"column":0},"end":{"line":17,"column":49}},"7":{"start":{"line":18,"column":0},"end":{"line":18,"column":44}},"8":{"start":{"line":22,"column":14},"end":{"line":22,"column":45}},"9":{"start":{"line":23,"column":13},"end":{"line":23,"column":43}},"10":{"start":{"line":24,"column":19},"end":{"line":24,"column":55}},"11":{"start":{"line":25,"column":15},"end":{"line":25,"column":47}},"12":{"start":{"line":26,"column":13},"end":{"line":26,"column":43}},"13":{"start":{"line":27,"column":16},"end":{"line":27,"column":49}},"14":{"start":{"line":28,"column":14},"end":{"line":28,"column":45}},"15":{"start":{"line":29,"column":13},"end":{"line":29,"column":43}},"16":{"start":{"line":33,"column":0},"end":{"line":33,"column":25}},"17":{"start":{"line":34,"column":0},"end":{"line":34,"column":24}},"18":{"start":{"line":35,"column":0},"end":{"line":35,"column":30}},"19":{"start":{"line":36,"column":0},"end":{"line":36,"column":26}},"20":{"start":{"line":37,"column":0},"end":{"line":37,"column":24}},"21":{"start":{"line":38,"column":0},"end":{"line":38,"column":27}},"22":{"start":{"line":39,"column":0},"end":{"line":39,"column":25}},"23":{"start":{"line":40,"column":0},"end":{"line":40,"column":24}}},"fnMap":{"0":{"name":"(anonymous_0)","decl":{"start":{"line":2,"column":56},"end":{"line":2,"column":57}},"loc":{"start":{"line":2,"column":71},"end":{"line":4,"column":1}},"line":2}},"branchMap":{"0":{"loc":{"start":{"line":2,"column":22},"end":{"line":4,"column":1}},"type":"binary-expr","locations":[{"start":{"line":2,"column":23},"end":{"line":2,"column":27}},{"start":{"line":2,"column":31},"end":{"line":2,"column":51}},{"start":{"line":2,"column":56},"end":{"line":4,"column":1}}],"line":2},"1":{"loc":{"start":{"line":3,"column":11},"end":{"line":3,"column":61}},"type":"cond-expr","locations":[{"start":{"line":3,"column":37},"end":{"line":3,"column":40}},{"start":{"line":3,"column":43},"end":{"line":3,"column":61}}],"line":3},"2":{"loc":{"start":{"line":3,"column":12},"end":{"line":3,"column":33}},"type":"binary-expr","locations":[{"start":{"line":3,"column":12},"end":{"line":3,"column":15}},{"start":{"line":3,"column":19},"end":{"line":3,"column":33}}],"line":3}},"s":{"0":1,"1":1,"2":1,"3":1,"4":1,"5":1,"6":1,"7":1,"8":1,"9":1,"10":1,"11":1,"12":1,"13":1,"14":1,"15":1,"16":1,"17":1,"18":1,"19":1,"20":1,"21":1,"22":1,"23":1},"f":{"0":1},"b":{"0":[1,1,1],"1":[1,0],"2":[1,1]},"inputSourceMap":{"version":3,"file":"D:/Projects/Winter 2023/Team Project/SOEN390_Team13/soen390_backend/src/firebaseconfig.ts","sources":["D:/Projects/Winter 2023/Team Project/SOEN390_Team13/soen390_backend/src/firebaseconfig.ts"],"names":[],"mappings":";;;;;;AAAA,sDAAgC;AAChC,IAAM,cAAc,GAAG;IACnB,MAAM,EAAE,yCAAyC;IACjD,UAAU,EAAE,gCAAgC;IAC5C,SAAS,EAAE,gBAAgB;IAC3B,aAAa,EAAE,4BAA4B;IAC3C,iBAAiB,EAAE,cAAc;IACjC,KAAK,EAAE,2CAA2C;IAClD,aAAa,EAAE,cAAc;CAChC,CAAC;AAEF,kBAAQ,CAAC,aAAa,CAAC,cAAc,CAAC,CAAC;AAC1B,QAAA,EAAE,GAAG,kBAAQ,CAAC,SAAS,EAAE,CAAC;AACvC;;EAEE;AACF,IAAM,OAAO,GAAG,UAAE,CAAC,UAAU,CAAC,QAAQ,CAAC,CAAC;AACxC,IAAM,MAAM,GAAG,UAAE,CAAC,UAAU,CAAC,OAAO,CAAC,CAAC;AACtC,IAAM,YAAY,GAAG,UAAE,CAAC,UAAU,CAAC,aAAa,CAAC,CAAC;AAClD,IAAM,QAAQ,GAAG,UAAE,CAAC,UAAU,CAAC,SAAS,CAAC,CAAC;AAC1C,IAAM,MAAM,GAAG,UAAE,CAAC,UAAU,CAAC,OAAO,CAAC,CAAC;AACtC,IAAM,SAAS,GAAG,UAAE,CAAC,UAAU,CAAC,UAAU,CAAC,CAAC;AAC5C,IAAM,OAAO,GAAG,UAAE,CAAC,UAAU,CAAC,QAAQ,CAAC,CAAC;AACxC,IAAM,MAAM,GAAG,UAAE,CAAC,UAAU,CAAC,OAAO,CAAC,CAAC;AACtC;;EAEE;AACF,MAAM,CAAC,OAAO,GAAG,OAAO,CAAC;AACzB,MAAM,CAAC,OAAO,GAAG,MAAM,CAAC;AACxB,MAAM,CAAC,OAAO,GAAG,YAAY,CAAC;AAC9B,MAAM,CAAC,OAAO,GAAG,QAAQ,CAAC;AAC1B,MAAM,CAAC,OAAO,GAAG,MAAM,CAAC;AACxB,MAAM,CAAC,OAAO,GAAG,SAAS,CAAC;AAC3B,MAAM,CAAC,OAAO,GAAG,OAAO,CAAC;AACzB,MAAM,CAAC,OAAO,GAAG,MAAM,CAAC","sourcesContent":["import firebase from \"firebase\";\r\nconst firebaseConfig = {\r\n    apiKey: \"AIzaSyAKE7H7FT_UPAzne8zWBDVGQyUmsRB2GS4\",\r\n    authDomain: \"soen-390-7f4fc.firebaseapp.com\",\r\n    projectId: \"soen-390-7f4fc\",\r\n    storageBucket: \"soen-390-7f4fc.appspot.com\",\r\n    messagingSenderId: \"821988806720\",\r\n    appId: \"1:821988806720:web:88e28c1df416e8a3f60fa5\",\r\n    measurementId: \"G-870JS5PTLN\",\r\n};\r\n\r\nfirebase.initializeApp(firebaseConfig);\r\nexport const db = firebase.firestore();\r\n/*\r\nConnecting all of the database to the backend\r\n*/\r\nconst AwardDB = db.collection(\"awards\");\r\nconst ChatDB = db.collection(\"chats\");\r\nconst ExperienceDB = db.collection(\"experiences\");\r\nconst FollowDB = db.collection(\"follows\");\r\nconst PostDB = db.collection(\"posts\");\r\nconst ProjectDB = db.collection(\"projects\");\r\nconst SkillDB = db.collection(\"skills\");\r\nconst UserDB = db.collection(\"users\");\r\n/*\r\nExporting the databases for use in the other files\r\n*/\r\nmodule.exports = AwardDB;\r\nmodule.exports = ChatDB;\r\nmodule.exports = ExperienceDB;\r\nmodule.exports = FollowDB;\r\nmodule.exports = PostDB;\r\nmodule.exports = ProjectDB;\r\nmodule.exports = SkillDB;\r\nmodule.exports = UserDB;\r\n"]},"_coverageSchema":"1a1c01bbd47fc00a2c39e90264f33305004495a9","hash":"a243b06f5f9eb8a7ef4332d34402ffbd38c3acb5","contentHash":"b88403128977eda7d22c1210c556e6b4b2ad4bcdc0f836d1bc8021b5f58df0a8"},"D:\\Projects\\Winter 2023\\Team Project\\SOEN390_Team13\\soen390_backend\\src\\controllers\\userControllers.ts":{"path":"D:\\Projects\\Winter 2023\\Team Project\\SOEN390_Team13\\soen390_backend\\src\\controllers\\userControllers.ts","statementMap":{"0":{"start":{"line":2,"column":16},"end":{"line":10,"column":1}},"1":{"start":{"line":3,"column":28},"end":{"line":3,"column":110}},"2":{"start":{"line":3,"column":91},"end":{"line":3,"column":106}},"3":{"start":{"line":4,"column":4},"end":{"line":9,"column":7}},"4":{"start":{"line":5,"column":36},"end":{"line":5,"column":97}},"5":{"start":{"line":5,"column":42},"end":{"line":5,"column":70}},"6":{"start":{"line":5,"column":85},"end":{"line":5,"column":95}},"7":{"start":{"line":6,"column":35},"end":{"line":6,"column":100}},"8":{"start":{"line":6,"column":41},"end":{"line":6,"column":73}},"9":{"start":{"line":6,"column":88},"end":{"line":6,"column":98}},"10":{"start":{"line":7,"column":32},"end":{"line":7,"column":116}},"11":{"start":{"line":8,"column":8},"end":{"line":8,"column":78}},"12":{"start":{"line":11,"column":18},"end":{"line":37,"column":1}},"13":{"start":{"line":12,"column":12},"end":{"line":12,"column":104}},"14":{"start":{"line":12,"column":43},"end":{"line":12,"column":68}},"15":{"start":{"line":12,"column":57},"end":{"line":12,"column":68}},"16":{"start":{"line":12,"column":69},"end":{"line":12,"column":81}},"17":{"start":{"line":13,"column":4},"end":{"line":13,"column":157}},"18":{"start":{"line":13,"column":138},"end":{"line":13,"column":150}},"19":{"start":{"line":14,"column":23},"end":{"line":14,"column":68}},"20":{"start":{"line":14,"column":45},"end":{"line":14,"column":65}},"21":{"start":{"line":16,"column":8},"end":{"line":16,"column":70}},"22":{"start":{"line":16,"column":15},"end":{"line":16,"column":70}},"23":{"start":{"line":17,"column":8},"end":{"line":34,"column":66}},"24":{"start":{"line":17,"column":50},"end":{"line":34,"column":66}},"25":{"start":{"line":18,"column":12},"end":{"line":18,"column":169}},"26":{"start":{"line":18,"column":160},"end":{"line":18,"column":169}},"27":{"start":{"line":19,"column":12},"end":{"line":19,"column":52}},"28":{"start":{"line":19,"column":26},"end":{"line":19,"column":52}},"29":{"start":{"line":20,"column":12},"end":{"line":32,"column":13}},"30":{"start":{"line":21,"column":32},"end":{"line":21,"column":39}},"31":{"start":{"line":21,"column":40},"end":{"line":21,"column":46}},"32":{"start":{"line":22,"column":24},"end":{"line":22,"column":34}},"33":{"start":{"line":22,"column":35},"end":{"line":22,"column":72}},"34":{"start":{"line":23,"column":24},"end":{"line":23,"column":34}},"35":{"start":{"line":23,"column":35},"end":{"line":23,"column":45}},"36":{"start":{"line":23,"column":46},"end":{"line":23,"column":55}},"37":{"start":{"line":23,"column":56},"end":{"line":23,"column":65}},"38":{"start":{"line":24,"column":24},"end":{"line":24,"column":41}},"39":{"start":{"line":24,"column":42},"end":{"line":24,"column":55}},"40":{"start":{"line":24,"column":56},"end":{"line":24,"column":65}},"41":{"start":{"line":26,"column":20},"end":{"line":26,"column":128}},"42":{"start":{"line":26,"column":110},"end":{"line":26,"column":116}},"43":{"start":{"line":26,"column":117},"end":{"line":26,"column":126}},"44":{"start":{"line":27,"column":20},"end":{"line":27,"column":106}},"45":{"start":{"line":27,"column":81},"end":{"line":27,"column":97}},"46":{"start":{"line":27,"column":98},"end":{"line":27,"column":104}},"47":{"start":{"line":28,"column":20},"end":{"line":28,"column":89}},"48":{"start":{"line":28,"column":57},"end":{"line":28,"column":72}},"49":{"start":{"line":28,"column":73},"end":{"line":28,"column":80}},"50":{"start":{"line":28,"column":81},"end":{"line":28,"column":87}},"51":{"start":{"line":29,"column":20},"end":{"line":29,"column":87}},"52":{"start":{"line":29,"column":47},"end":{"line":29,"column":62}},"53":{"start":{"line":29,"column":63},"end":{"line":29,"column":78}},"54":{"start":{"line":29,"column":79},"end":{"line":29,"column":85}},"55":{"start":{"line":30,"column":20},"end":{"line":30,"column":42}},"56":{"start":{"line":30,"column":30},"end":{"line":30,"column":42}},"57":{"start":{"line":31,"column":20},"end":{"line":31,"column":33}},"58":{"start":{"line":31,"column":34},"end":{"line":31,"column":43}},"59":{"start":{"line":33,"column":12},"end":{"line":33,"column":39}},"60":{"start":{"line":34,"column":22},"end":{"line":34,"column":34}},"61":{"start":{"line":34,"column":35},"end":{"line":34,"column":41}},"62":{"start":{"line":34,"column":54},"end":{"line":34,"column":64}},"63":{"start":{"line":35,"column":8},"end":{"line":35,"column":35}},"64":{"start":{"line":35,"column":23},"end":{"line":35,"column":35}},"65":{"start":{"line":35,"column":36},"end":{"line":35,"column":89}},"66":{"start":{"line":38,"column":13},"end":{"line":48,"column":1}},"67":{"start":{"line":39,"column":12},"end":{"line":39,"column":14}},"68":{"start":{"line":40,"column":4},"end":{"line":41,"column":20}},"69":{"start":{"line":40,"column":21},"end":{"line":41,"column":20}},"70":{"start":{"line":41,"column":8},"end":{"line":41,"column":20}},"71":{"start":{"line":42,"column":4},"end":{"line":46,"column":9}},"72":{"start":{"line":43,"column":8},"end":{"line":46,"column":9}},"73":{"start":{"line":43,"column":21},"end":{"line":43,"column":22}},"74":{"start":{"line":43,"column":28},"end":{"line":43,"column":59}},"75":{"start":{"line":44,"column":12},"end":{"line":45,"column":34}},"76":{"start":{"line":45,"column":16},"end":{"line":45,"column":34}},"77":{"start":{"line":47,"column":4},"end":{"line":47,"column":13}},"78":{"start":{"line":49,"column":13},"end":{"line":64,"column":1}},"79":{"start":{"line":50,"column":12},"end":{"line":50,"column":62}},"80":{"start":{"line":51,"column":4},"end":{"line":51,"column":21}},"81":{"start":{"line":51,"column":12},"end":{"line":51,"column":21}},"82":{"start":{"line":52,"column":12},"end":{"line":52,"column":21}},"83":{"start":{"line":52,"column":31},"end":{"line":52,"column":33}},"84":{"start":{"line":53,"column":4},"end":{"line":62,"column":5}},"85":{"start":{"line":54,"column":8},"end":{"line":54,"column":83}},"86":{"start":{"line":54,"column":66},"end":{"line":54,"column":83}},"87":{"start":{"line":56,"column":20},"end":{"line":56,"column":41}},"88":{"start":{"line":58,"column":8},"end":{"line":61,"column":41}},"89":{"start":{"line":59,"column":12},"end":{"line":59,"column":61}},"90":{"start":{"line":59,"column":51},"end":{"line":59,"column":61}},"91":{"start":{"line":61,"column":18},"end":{"line":61,"column":39}},"92":{"start":{"line":61,"column":25},"end":{"line":61,"column":39}},"93":{"start":{"line":63,"column":4},"end":{"line":63,"column":14}},"94":{"start":{"line":65,"column":22},"end":{"line":67,"column":1}},"95":{"start":{"line":66,"column":4},"end":{"line":66,"column":62}},"96":{"start":{"line":68,"column":0},"end":{"line":68,"column":62}},"97":{"start":{"line":69,"column":0},"end":{"line":69,"column":406}},"98":{"start":{"line":70,"column":21},"end":{"line":70,"column":56}},"99":{"start":{"line":71,"column":15},"end":{"line":71,"column":49}},"100":{"start":{"line":72,"column":13},"end":{"line":72,"column":38}},"101":{"start":{"line":73,"column":15},"end":{"line":73,"column":32}},"102":{"start":{"line":74,"column":21},"end":{"line":74,"column":61}},"103":{"start":{"line":75,"column":11},"end":{"line":75,"column":38}},"104":{"start":{"line":76,"column":17},"end":{"line":76,"column":18}},"105":{"start":{"line":77,"column":0},"end":{"line":77,"column":26}},"106":{"start":{"line":79,"column":4},"end":{"line":99,"column":7}},"107":{"start":{"line":81,"column":8},"end":{"line":98,"column":11}},"108":{"start":{"line":82,"column":12},"end":{"line":97,"column":13}},"109":{"start":{"line":83,"column":24},"end":{"line":83,"column":89}},"110":{"start":{"line":85,"column":20},"end":{"line":85,"column":37}},"111":{"start":{"line":86,"column":20},"end":{"line":86,"column":72}},"112":{"start":{"line":88,"column":20},"end":{"line":88,"column":44}},"113":{"start":{"line":90,"column":20},"end":{"line":95,"column":21}},"114":{"start":{"line":91,"column":24},"end":{"line":91,"column":66}},"115":{"start":{"line":94,"column":24},"end":{"line":94,"column":80}},"116":{"start":{"line":96,"column":20},"end":{"line":96,"column":42}},"117":{"start":{"line":101,"column":0},"end":{"line":101,"column":38}},"118":{"start":{"line":103,"column":4},"end":{"line":116,"column":7}},"119":{"start":{"line":104,"column":8},"end":{"line":115,"column":11}},"120":{"start":{"line":105,"column":12},"end":{"line":114,"column":20}},"121":{"start":{"line":106,"column":20},"end":{"line":113,"column":23}},"122":{"start":{"line":107,"column":24},"end":{"line":112,"column":25}},"123":{"start":{"line":108,"column":28},"end":{"line":108,"column":49}},"124":{"start":{"line":111,"column":28},"end":{"line":111,"column":49}},"125":{"start":{"line":118,"column":0},"end":{"line":118,"column":44}},"126":{"start":{"line":120,"column":4},"end":{"line":164,"column":7}},"127":{"start":{"line":122,"column":8},"end":{"line":163,"column":11}},"128":{"start":{"line":123,"column":12},"end":{"line":162,"column":13}},"129":{"start":{"line":125,"column":20},"end":{"line":125,"column":38}},"130":{"start":{"line":126,"column":20},"end":{"line":128,"column":28}},"131":{"start":{"line":130,"column":20},"end":{"line":130,"column":44}},"132":{"start":{"line":131,"column":20},"end":{"line":131,"column":37}},"133":{"start":{"line":132,"column":20},"end":{"line":132,"column":95}},"134":{"start":{"line":134,"column":20},"end":{"line":134,"column":44}},"135":{"start":{"line":135,"column":20},"end":{"line":135,"column":45}},"136":{"start":{"line":136,"column":20},"end":{"line":146,"column":28}},"137":{"start":{"line":137,"column":28},"end":{"line":145,"column":31}},"138":{"start":{"line":139,"column":32},"end":{"line":144,"column":33}},"139":{"start":{"line":140,"column":36},"end":{"line":140,"column":50}},"140":{"start":{"line":143,"column":36},"end":{"line":143,"column":50}},"141":{"start":{"line":148,"column":20},"end":{"line":148,"column":37}},"142":{"start":{"line":149,"column":20},"end":{"line":149,"column":66}},"143":{"start":{"line":149,"column":42},"end":{"line":149,"column":66}},"144":{"start":{"line":150,"column":20},"end":{"line":150,"column":85}},"145":{"start":{"line":152,"column":20},"end":{"line":152,"column":47}},"146":{"start":{"line":153,"column":20},"end":{"line":158,"column":21}},"147":{"start":{"line":154,"column":24},"end":{"line":154,"column":69}},"148":{"start":{"line":157,"column":24},"end":{"line":157,"column":86}},"149":{"start":{"line":159,"column":20},"end":{"line":159,"column":44}},"150":{"start":{"line":160,"column":24},"end":{"line":160,"column":105}},"151":{"start":{"line":161,"column":24},"end":{"line":161,"column":46}},"152":{"start":{"line":166,"column":0},"end":{"line":166,"column":36}},"153":{"start":{"line":168,"column":4},"end":{"line":188,"column":7}},"154":{"start":{"line":170,"column":8},"end":{"line":187,"column":11}},"155":{"start":{"line":171,"column":12},"end":{"line":186,"column":13}},"156":{"start":{"line":172,"column":24},"end":{"line":172,"column":91}},"157":{"start":{"line":174,"column":20},"end":{"line":174,"column":37}},"158":{"start":{"line":175,"column":20},"end":{"line":175,"column":72}},"159":{"start":{"line":177,"column":20},"end":{"line":177,"column":44}},"160":{"start":{"line":179,"column":20},"end":{"line":184,"column":21}},"161":{"start":{"line":180,"column":24},"end":{"line":180,"column":66}},"162":{"start":{"line":183,"column":24},"end":{"line":183,"column":80}},"163":{"start":{"line":185,"column":20},"end":{"line":185,"column":42}},"164":{"start":{"line":190,"column":0},"end":{"line":190,"column":32}},"165":{"start":{"line":192,"column":4},"end":{"line":209,"column":7}},"166":{"start":{"line":194,"column":8},"end":{"line":208,"column":11}},"167":{"start":{"line":195,"column":12},"end":{"line":207,"column":13}},"168":{"start":{"line":196,"column":24},"end":{"line":196,"column":103}},"169":{"start":{"line":198,"column":20},"end":{"line":198,"column":36}},"170":{"start":{"line":199,"column":20},"end":{"line":199,"column":57}},"171":{"start":{"line":200,"column":20},"end":{"line":205,"column":21}},"172":{"start":{"line":201,"column":24},"end":{"line":201,"column":86}},"173":{"start":{"line":204,"column":24},"end":{"line":204,"column":58}},"174":{"start":{"line":206,"column":20},"end":{"line":206,"column":42}},"175":{"start":{"line":211,"column":0},"end":{"line":211,"column":46}},"176":{"start":{"line":213,"column":4},"end":{"line":229,"column":7}},"177":{"start":{"line":215,"column":8},"end":{"line":228,"column":11}},"178":{"start":{"line":216,"column":12},"end":{"line":227,"column":13}},"179":{"start":{"line":217,"column":24},"end":{"line":217,"column":96}},"180":{"start":{"line":219,"column":20},"end":{"line":219,"column":44}},"181":{"start":{"line":220,"column":20},"end":{"line":225,"column":21}},"182":{"start":{"line":221,"column":24},"end":{"line":221,"column":88}},"183":{"start":{"line":224,"column":24},"end":{"line":224,"column":66}},"184":{"start":{"line":226,"column":20},"end":{"line":226,"column":42}},"185":{"start":{"line":231,"column":0},"end":{"line":231,"column":40}},"186":{"start":{"line":234,"column":4},"end":{"line":241,"column":7}},"187":{"start":{"line":236,"column":8},"end":{"line":240,"column":11}},"188":{"start":{"line":237,"column":12},"end":{"line":237,"column":36}},"189":{"start":{"line":239,"column":12},"end":{"line":239,"column":41}},"190":{"start":{"line":243,"column":0},"end":{"line":243,"column":44}},"191":{"start":{"line":245,"column":4},"end":{"line":280,"column":7}},"192":{"start":{"line":247,"column":8},"end":{"line":279,"column":11}},"193":{"start":{"line":248,"column":12},"end":{"line":278,"column":13}},"194":{"start":{"line":250,"column":20},"end":{"line":250,"column":46}},"195":{"start":{"line":251,"column":20},"end":{"line":251,"column":90}},"196":{"start":{"line":251,"column":66},"end":{"line":251,"column":90}},"197":{"start":{"line":252,"column":20},"end":{"line":252,"column":84}},"198":{"start":{"line":254,"column":20},"end":{"line":254,"column":40}},"199":{"start":{"line":255,"column":20},"end":{"line":263,"column":21}},"200":{"start":{"line":256,"column":24},"end":{"line":256,"column":61}},"201":{"start":{"line":259,"column":24},"end":{"line":262,"column":31}},"202":{"start":{"line":264,"column":20},"end":{"line":264,"column":33}},"203":{"start":{"line":266,"column":20},"end":{"line":266,"column":57}},"204":{"start":{"line":267,"column":20},"end":{"line":267,"column":63}},"205":{"start":{"line":268,"column":20},"end":{"line":268,"column":53}},"206":{"start":{"line":269,"column":20},"end":{"line":269,"column":75}},"207":{"start":{"line":270,"column":20},"end":{"line":270,"column":77}},"208":{"start":{"line":271,"column":20},"end":{"line":271,"column":55}},"209":{"start":{"line":272,"column":20},"end":{"line":272,"column":68}},"210":{"start":{"line":273,"column":20},"end":{"line":273,"column":44}},"211":{"start":{"line":275,"column":20},"end":{"line":275,"column":38}},"212":{"start":{"line":276,"column":20},"end":{"line":276,"column":75}},"213":{"start":{"line":277,"column":24},"end":{"line":277,"column":66}},"214":{"start":{"line":282,"column":0},"end":{"line":282,"column":34}},"215":{"start":{"line":284,"column":4},"end":{"line":300,"column":7}},"216":{"start":{"line":286,"column":8},"end":{"line":299,"column":11}},"217":{"start":{"line":287,"column":12},"end":{"line":298,"column":13}},"218":{"start":{"line":289,"column":20},"end":{"line":289,"column":46}},"219":{"start":{"line":290,"column":20},"end":{"line":290,"column":109}},"220":{"start":{"line":292,"column":20},"end":{"line":292,"column":30}},"221":{"start":{"line":293,"column":20},"end":{"line":293,"column":44}},"222":{"start":{"line":295,"column":20},"end":{"line":295,"column":40}},"223":{"start":{"line":296,"column":20},"end":{"line":296,"column":75}},"224":{"start":{"line":297,"column":24},"end":{"line":297,"column":81}},"225":{"start":{"line":302,"column":0},"end":{"line":302,"column":32}},"226":{"start":{"line":304,"column":4},"end":{"line":328,"column":7}},"227":{"start":{"line":306,"column":8},"end":{"line":327,"column":11}},"228":{"start":{"line":307,"column":12},"end":{"line":326,"column":13}},"229":{"start":{"line":309,"column":20},"end":{"line":309,"column":46}},"230":{"start":{"line":310,"column":20},"end":{"line":310,"column":42}},"231":{"start":{"line":311,"column":20},"end":{"line":311,"column":120}},"232":{"start":{"line":313,"column":20},"end":{"line":313,"column":30}},"233":{"start":{"line":314,"column":20},"end":{"line":314,"column":44}},"234":{"start":{"line":316,"column":20},"end":{"line":316,"column":40}},"235":{"start":{"line":317,"column":20},"end":{"line":317,"column":75}},"236":{"start":{"line":319,"column":20},"end":{"line":324,"column":21}},"237":{"start":{"line":320,"column":24},"end":{"line":320,"column":87}},"238":{"start":{"line":323,"column":24},"end":{"line":323,"column":86}},"239":{"start":{"line":325,"column":20},"end":{"line":325,"column":42}},"240":{"start":{"line":330,"column":0},"end":{"line":330,"column":36}},"241":{"start":{"line":332,"column":4},"end":{"line":349,"column":7}},"242":{"start":{"line":334,"column":8},"end":{"line":348,"column":11}},"243":{"start":{"line":335,"column":12},"end":{"line":347,"column":13}},"244":{"start":{"line":337,"column":20},"end":{"line":337,"column":46}},"245":{"start":{"line":338,"column":20},"end":{"line":338,"column":111}},"246":{"start":{"line":340,"column":20},"end":{"line":340,"column":41}},"247":{"start":{"line":341,"column":20},"end":{"line":341,"column":44}},"248":{"start":{"line":343,"column":20},"end":{"line":343,"column":40}},"249":{"start":{"line":344,"column":20},"end":{"line":344,"column":49}},"250":{"start":{"line":345,"column":20},"end":{"line":345,"column":75}},"251":{"start":{"line":346,"column":24},"end":{"line":346,"column":63}},"252":{"start":{"line":351,"column":0},"end":{"line":351,"column":60}},"253":{"start":{"line":353,"column":21},"end":{"line":353,"column":48}},"254":{"start":{"line":354,"column":4},"end":{"line":361,"column":5}},"255":{"start":{"line":355,"column":8},"end":{"line":355,"column":55}},"256":{"start":{"line":358,"column":8},"end":{"line":358,"column":38}},"257":{"start":{"line":359,"column":8},"end":{"line":359,"column":39}},"258":{"start":{"line":360,"column":8},"end":{"line":360,"column":34}},"259":{"start":{"line":362,"column":4},"end":{"line":362,"column":23}},"260":{"start":{"line":365,"column":4},"end":{"line":383,"column":7}},"261":{"start":{"line":367,"column":8},"end":{"line":382,"column":11}},"262":{"start":{"line":368,"column":12},"end":{"line":381,"column":13}},"263":{"start":{"line":370,"column":20},"end":{"line":372,"column":23}},"264":{"start":{"line":373,"column":20},"end":{"line":373,"column":104}},"265":{"start":{"line":374,"column":20},"end":{"line":374,"column":54}},"266":{"start":{"line":374,"column":30},"end":{"line":374,"column":54}},"267":{"start":{"line":375,"column":20},"end":{"line":375,"column":61}},"268":{"start":{"line":376,"column":24},"end":{"line":376,"column":99}},"269":{"start":{"line":378,"column":20},"end":{"line":378,"column":38}},"270":{"start":{"line":380,"column":20},"end":{"line":380,"column":56}},"271":{"start":{"line":385,"column":0},"end":{"line":385,"column":64}},"272":{"start":{"line":387,"column":4},"end":{"line":400,"column":7}},"273":{"start":{"line":389,"column":8},"end":{"line":399,"column":11}},"274":{"start":{"line":390,"column":12},"end":{"line":398,"column":13}},"275":{"start":{"line":392,"column":20},"end":{"line":392,"column":44}},"276":{"start":{"line":393,"column":20},"end":{"line":393,"column":67}},"277":{"start":{"line":395,"column":20},"end":{"line":395,"column":46}},"278":{"start":{"line":397,"column":20},"end":{"line":397,"column":111}},"279":{"start":{"line":402,"column":0},"end":{"line":402,"column":50}},"280":{"start":{"line":404,"column":4},"end":{"line":404,"column":29}},"281":{"start":{"line":405,"column":23},"end":{"line":405,"column":47}},"282":{"start":{"line":406,"column":4},"end":{"line":413,"column":5}},"283":{"start":{"line":407,"column":17},"end":{"line":407,"column":86}},"284":{"start":{"line":407,"column":94},"end":{"line":407,"column":100}},"285":{"start":{"line":407,"column":108},"end":{"line":407,"column":114}},"286":{"start":{"line":407,"column":126},"end":{"line":407,"column":152}},"287":{"start":{"line":408,"column":8},"end":{"line":408,"column":35}},"288":{"start":{"line":409,"column":8},"end":{"line":409,"column":15}},"289":{"start":{"line":412,"column":8},"end":{"line":412,"column":48}},"290":{"start":{"line":415,"column":0},"end":{"line":415,"column":30}},"291":{"start":{"line":417,"column":4},"end":{"line":417,"column":29}},"292":{"start":{"line":419,"column":0},"end":{"line":419,"column":26}},"293":{"start":{"line":421,"column":4},"end":{"line":421,"column":29}},"294":{"start":{"line":423,"column":0},"end":{"line":423,"column":26}}},"fnMap":{"0":{"name":"(anonymous_0)","decl":{"start":{"line":2,"column":44},"end":{"line":2,"column":45}},"loc":{"start":{"line":2,"column":89},"end":{"line":10,"column":1}},"line":2},"1":{"name":"adopt","decl":{"start":{"line":3,"column":13},"end":{"line":3,"column":18}},"loc":{"start":{"line":3,"column":26},"end":{"line":3,"column":112}},"line":3},"2":{"name":"(anonymous_2)","decl":{"start":{"line":3,"column":70},"end":{"line":3,"column":71}},"loc":{"start":{"line":3,"column":89},"end":{"line":3,"column":108}},"line":3},"3":{"name":"(anonymous_3)","decl":{"start":{"line":4,"column":36},"end":{"line":4,"column":37}},"loc":{"start":{"line":4,"column":63},"end":{"line":9,"column":5}},"line":4},"4":{"name":"fulfilled","decl":{"start":{"line":5,"column":17},"end":{"line":5,"column":26}},"loc":{"start":{"line":5,"column":34},"end":{"line":5,"column":99}},"line":5},"5":{"name":"rejected","decl":{"start":{"line":6,"column":17},"end":{"line":6,"column":25}},"loc":{"start":{"line":6,"column":33},"end":{"line":6,"column":102}},"line":6},"6":{"name":"step","decl":{"start":{"line":7,"column":17},"end":{"line":7,"column":21}},"loc":{"start":{"line":7,"column":30},"end":{"line":7,"column":118}},"line":7},"7":{"name":"(anonymous_7)","decl":{"start":{"line":11,"column":48},"end":{"line":11,"column":49}},"loc":{"start":{"line":11,"column":73},"end":{"line":37,"column":1}},"line":11},"8":{"name":"(anonymous_8)","decl":{"start":{"line":12,"column":30},"end":{"line":12,"column":31}},"loc":{"start":{"line":12,"column":41},"end":{"line":12,"column":83}},"line":12},"9":{"name":"(anonymous_9)","decl":{"start":{"line":13,"column":125},"end":{"line":13,"column":126}},"loc":{"start":{"line":13,"column":136},"end":{"line":13,"column":152}},"line":13},"10":{"name":"verb","decl":{"start":{"line":14,"column":13},"end":{"line":14,"column":17}},"loc":{"start":{"line":14,"column":21},"end":{"line":14,"column":70}},"line":14},"11":{"name":"(anonymous_11)","decl":{"start":{"line":14,"column":30},"end":{"line":14,"column":31}},"loc":{"start":{"line":14,"column":43},"end":{"line":14,"column":67}},"line":14},"12":{"name":"step","decl":{"start":{"line":15,"column":13},"end":{"line":15,"column":17}},"loc":{"start":{"line":15,"column":22},"end":{"line":36,"column":5}},"line":15},"13":{"name":"(anonymous_13)","decl":{"start":{"line":38,"column":38},"end":{"line":38,"column":39}},"loc":{"start":{"line":38,"column":54},"end":{"line":48,"column":1}},"line":38},"14":{"name":"(anonymous_14)","decl":{"start":{"line":49,"column":38},"end":{"line":49,"column":39}},"loc":{"start":{"line":49,"column":54},"end":{"line":64,"column":1}},"line":49},"15":{"name":"(anonymous_15)","decl":{"start":{"line":65,"column":56},"end":{"line":65,"column":57}},"loc":{"start":{"line":65,"column":71},"end":{"line":67,"column":1}},"line":65},"16":{"name":"getUserWithID","decl":{"start":{"line":78,"column":9},"end":{"line":78,"column":22}},"loc":{"start":{"line":78,"column":31},"end":{"line":100,"column":1}},"line":78},"17":{"name":"(anonymous_17)","decl":{"start":{"line":79,"column":43},"end":{"line":79,"column":44}},"loc":{"start":{"line":79,"column":55},"end":{"line":99,"column":5}},"line":79},"18":{"name":"(anonymous_18)","decl":{"start":{"line":81,"column":33},"end":{"line":81,"column":34}},"loc":{"start":{"line":81,"column":47},"end":{"line":98,"column":9}},"line":81},"19":{"name":"getUserWithEmail","decl":{"start":{"line":102,"column":9},"end":{"line":102,"column":25}},"loc":{"start":{"line":102,"column":33},"end":{"line":117,"column":1}},"line":102},"20":{"name":"(anonymous_20)","decl":{"start":{"line":103,"column":43},"end":{"line":103,"column":44}},"loc":{"start":{"line":103,"column":55},"end":{"line":116,"column":5}},"line":103},"21":{"name":"(anonymous_21)","decl":{"start":{"line":104,"column":33},"end":{"line":104,"column":34}},"loc":{"start":{"line":104,"column":47},"end":{"line":115,"column":9}},"line":104},"22":{"name":"(anonymous_22)","decl":{"start":{"line":105,"column":46},"end":{"line":105,"column":47}},"loc":{"start":{"line":105,"column":68},"end":{"line":114,"column":17}},"line":105},"23":{"name":"(anonymous_23)","decl":{"start":{"line":106,"column":65},"end":{"line":106,"column":66}},"loc":{"start":{"line":106,"column":81},"end":{"line":113,"column":21}},"line":106},"24":{"name":"registerUser","decl":{"start":{"line":119,"column":9},"end":{"line":119,"column":21}},"loc":{"start":{"line":119,"column":28},"end":{"line":165,"column":1}},"line":119},"25":{"name":"(anonymous_25)","decl":{"start":{"line":120,"column":43},"end":{"line":120,"column":44}},"loc":{"start":{"line":120,"column":55},"end":{"line":164,"column":5}},"line":120},"26":{"name":"(anonymous_26)","decl":{"start":{"line":122,"column":33},"end":{"line":122,"column":34}},"loc":{"start":{"line":122,"column":47},"end":{"line":163,"column":9}},"line":122},"27":{"name":"(anonymous_27)","decl":{"start":{"line":136,"column":53},"end":{"line":136,"column":54}},"loc":{"start":{"line":136,"column":75},"end":{"line":146,"column":25}},"line":136},"28":{"name":"(anonymous_28)","decl":{"start":{"line":137,"column":85},"end":{"line":137,"column":86}},"loc":{"start":{"line":137,"column":101},"end":{"line":145,"column":29}},"line":137},"29":{"name":"deleteUser","decl":{"start":{"line":167,"column":9},"end":{"line":167,"column":19}},"loc":{"start":{"line":167,"column":28},"end":{"line":189,"column":1}},"line":167},"30":{"name":"(anonymous_30)","decl":{"start":{"line":168,"column":43},"end":{"line":168,"column":44}},"loc":{"start":{"line":168,"column":55},"end":{"line":188,"column":5}},"line":168},"31":{"name":"(anonymous_31)","decl":{"start":{"line":170,"column":33},"end":{"line":170,"column":34}},"loc":{"start":{"line":170,"column":47},"end":{"line":187,"column":9}},"line":170},"32":{"name":"uploadAccountFile","decl":{"start":{"line":191,"column":9},"end":{"line":191,"column":26}},"loc":{"start":{"line":191,"column":47},"end":{"line":210,"column":1}},"line":191},"33":{"name":"(anonymous_33)","decl":{"start":{"line":192,"column":43},"end":{"line":192,"column":44}},"loc":{"start":{"line":192,"column":55},"end":{"line":209,"column":5}},"line":192},"34":{"name":"(anonymous_34)","decl":{"start":{"line":194,"column":33},"end":{"line":194,"column":34}},"loc":{"start":{"line":194,"column":47},"end":{"line":208,"column":9}},"line":194},"35":{"name":"getAccountFile","decl":{"start":{"line":212,"column":9},"end":{"line":212,"column":23}},"loc":{"start":{"line":212,"column":38},"end":{"line":230,"column":1}},"line":212},"36":{"name":"(anonymous_36)","decl":{"start":{"line":213,"column":43},"end":{"line":213,"column":44}},"loc":{"start":{"line":213,"column":55},"end":{"line":229,"column":5}},"line":213},"37":{"name":"(anonymous_37)","decl":{"start":{"line":215,"column":33},"end":{"line":215,"column":34}},"loc":{"start":{"line":215,"column":47},"end":{"line":228,"column":9}},"line":215},"38":{"name":"comparePasswords","decl":{"start":{"line":233,"column":9},"end":{"line":233,"column":25}},"loc":{"start":{"line":233,"column":41},"end":{"line":242,"column":1}},"line":233},"39":{"name":"(anonymous_39)","decl":{"start":{"line":234,"column":43},"end":{"line":234,"column":44}},"loc":{"start":{"line":234,"column":55},"end":{"line":241,"column":5}},"line":234},"40":{"name":"(anonymous_40)","decl":{"start":{"line":236,"column":33},"end":{"line":236,"column":34}},"loc":{"start":{"line":236,"column":47},"end":{"line":240,"column":9}},"line":236},"41":{"name":"editAccount","decl":{"start":{"line":244,"column":9},"end":{"line":244,"column":20}},"loc":{"start":{"line":244,"column":50},"end":{"line":281,"column":1}},"line":244},"42":{"name":"(anonymous_42)","decl":{"start":{"line":245,"column":43},"end":{"line":245,"column":44}},"loc":{"start":{"line":245,"column":55},"end":{"line":280,"column":5}},"line":245},"43":{"name":"(anonymous_43)","decl":{"start":{"line":247,"column":33},"end":{"line":247,"column":34}},"loc":{"start":{"line":247,"column":47},"end":{"line":279,"column":9}},"line":247},"44":{"name":"sendInvite","decl":{"start":{"line":283,"column":9},"end":{"line":283,"column":19}},"loc":{"start":{"line":283,"column":48},"end":{"line":301,"column":1}},"line":283},"45":{"name":"(anonymous_45)","decl":{"start":{"line":284,"column":43},"end":{"line":284,"column":44}},"loc":{"start":{"line":284,"column":55},"end":{"line":300,"column":5}},"line":284},"46":{"name":"(anonymous_46)","decl":{"start":{"line":286,"column":33},"end":{"line":286,"column":34}},"loc":{"start":{"line":286,"column":47},"end":{"line":299,"column":9}},"line":286},"47":{"name":"manageInvite","decl":{"start":{"line":303,"column":9},"end":{"line":303,"column":21}},"loc":{"start":{"line":303,"column":59},"end":{"line":329,"column":1}},"line":303},"48":{"name":"(anonymous_48)","decl":{"start":{"line":304,"column":43},"end":{"line":304,"column":44}},"loc":{"start":{"line":304,"column":55},"end":{"line":328,"column":5}},"line":304},"49":{"name":"(anonymous_49)","decl":{"start":{"line":306,"column":33},"end":{"line":306,"column":34}},"loc":{"start":{"line":306,"column":47},"end":{"line":327,"column":9}},"line":306},"50":{"name":"getInvitationsOrContacts","decl":{"start":{"line":331,"column":9},"end":{"line":331,"column":33}},"loc":{"start":{"line":331,"column":54},"end":{"line":350,"column":1}},"line":331},"51":{"name":"(anonymous_51)","decl":{"start":{"line":332,"column":43},"end":{"line":332,"column":44}},"loc":{"start":{"line":332,"column":55},"end":{"line":349,"column":5}},"line":332},"52":{"name":"(anonymous_52)","decl":{"start":{"line":334,"column":33},"end":{"line":334,"column":34}},"loc":{"start":{"line":334,"column":47},"end":{"line":348,"column":9}},"line":334},"53":{"name":"validateUserFilter","decl":{"start":{"line":352,"column":9},"end":{"line":352,"column":27}},"loc":{"start":{"line":352,"column":36},"end":{"line":363,"column":1}},"line":352},"54":{"name":"getFilteredUsersController","decl":{"start":{"line":364,"column":9},"end":{"line":364,"column":35}},"loc":{"start":{"line":364,"column":44},"end":{"line":384,"column":1}},"line":364},"55":{"name":"(anonymous_55)","decl":{"start":{"line":365,"column":43},"end":{"line":365,"column":44}},"loc":{"start":{"line":365,"column":55},"end":{"line":383,"column":5}},"line":365},"56":{"name":"(anonymous_56)","decl":{"start":{"line":367,"column":33},"end":{"line":367,"column":34}},"loc":{"start":{"line":367,"column":47},"end":{"line":382,"column":9}},"line":367},"57":{"name":"generateAccessToken","decl":{"start":{"line":386,"column":9},"end":{"line":386,"column":28}},"loc":{"start":{"line":386,"column":39},"end":{"line":401,"column":1}},"line":386},"58":{"name":"(anonymous_58)","decl":{"start":{"line":387,"column":43},"end":{"line":387,"column":44}},"loc":{"start":{"line":387,"column":55},"end":{"line":400,"column":5}},"line":387},"59":{"name":"(anonymous_59)","decl":{"start":{"line":389,"column":33},"end":{"line":389,"column":34}},"loc":{"start":{"line":389,"column":47},"end":{"line":399,"column":9}},"line":389},"60":{"name":"verifyJWT","decl":{"start":{"line":403,"column":9},"end":{"line":403,"column":18}},"loc":{"start":{"line":403,"column":35},"end":{"line":414,"column":1}},"line":403},"61":{"name":"hasUser","decl":{"start":{"line":416,"column":9},"end":{"line":416,"column":16}},"loc":{"start":{"line":416,"column":26},"end":{"line":418,"column":1}},"line":416},"62":{"name":"hasFile","decl":{"start":{"line":420,"column":9},"end":{"line":420,"column":16}},"loc":{"start":{"line":420,"column":26},"end":{"line":422,"column":1}},"line":420}},"branchMap":{"0":{"loc":{"start":{"line":2,"column":16},"end":{"line":10,"column":1}},"type":"binary-expr","locations":[{"start":{"line":2,"column":17},"end":{"line":2,"column":21}},{"start":{"line":2,"column":25},"end":{"line":2,"column":39}},{"start":{"line":2,"column":44},"end":{"line":10,"column":1}}],"line":2},"1":{"loc":{"start":{"line":3,"column":35},"end":{"line":3,"column":109}},"type":"cond-expr","locations":[{"start":{"line":3,"column":56},"end":{"line":3,"column":61}},{"start":{"line":3,"column":64},"end":{"line":3,"column":109}}],"line":3},"2":{"loc":{"start":{"line":4,"column":16},"end":{"line":4,"column":34}},"type":"binary-expr","locations":[{"start":{"line":4,"column":16},"end":{"line":4,"column":17}},{"start":{"line":4,"column":22},"end":{"line":4,"column":33}}],"line":4},"3":{"loc":{"start":{"line":7,"column":32},"end":{"line":7,"column":115}},"type":"cond-expr","locations":[{"start":{"line":7,"column":46},"end":{"line":7,"column":67}},{"start":{"line":7,"column":70},"end":{"line":7,"column":115}}],"line":7},"4":{"loc":{"start":{"line":8,"column":51},"end":{"line":8,"column":67}},"type":"binary-expr","locations":[{"start":{"line":8,"column":51},"end":{"line":8,"column":61}},{"start":{"line":8,"column":65},"end":{"line":8,"column":67}}],"line":8},"5":{"loc":{"start":{"line":11,"column":18},"end":{"line":37,"column":1}},"type":"binary-expr","locations":[{"start":{"line":11,"column":19},"end":{"line":11,"column":23}},{"start":{"line":11,"column":27},"end":{"line":11,"column":43}},{"start":{"line":11,"column":48},"end":{"line":37,"column":1}}],"line":11},"6":{"loc":{"start":{"line":12,"column":43},"end":{"line":12,"column":68}},"type":"if","locations":[{"start":{"line":12,"column":43},"end":{"line":12,"column":68}},{"start":{"line":12,"column":43},"end":{"line":12,"column":68}}],"line":12},"7":{"loc":{"start":{"line":13,"column":71},"end":{"line":13,"column":153}},"type":"binary-expr","locations":[{"start":{"line":13,"column":71},"end":{"line":13,"column":99}},{"start":{"line":13,"column":104},"end":{"line":13,"column":152}}],"line":13},"8":{"loc":{"start":{"line":16,"column":8},"end":{"line":16,"column":70}},"type":"if","locations":[{"start":{"line":16,"column":8},"end":{"line":16,"column":70}},{"start":{"line":16,"column":8},"end":{"line":16,"column":70}}],"line":16},"9":{"loc":{"start":{"line":17,"column":15},"end":{"line":17,"column":45}},"type":"binary-expr","locations":[{"start":{"line":17,"column":15},"end":{"line":17,"column":16}},{"start":{"line":17,"column":21},"end":{"line":17,"column":44}}],"line":17},"10":{"loc":{"start":{"line":17,"column":28},"end":{"line":17,"column":44}},"type":"binary-expr","locations":[{"start":{"line":17,"column":28},"end":{"line":17,"column":33}},{"start":{"line":17,"column":38},"end":{"line":17,"column":43}}],"line":17},"11":{"loc":{"start":{"line":18,"column":12},"end":{"line":18,"column":169}},"type":"if","locations":[{"start":{"line":18,"column":12},"end":{"line":18,"column":169}},{"start":{"line":18,"column":12},"end":{"line":18,"column":169}}],"line":18},"12":{"loc":{"start":{"line":18,"column":23},"end":{"line":18,"column":158}},"type":"binary-expr","locations":[{"start":{"line":18,"column":23},"end":{"line":18,"column":24}},{"start":{"line":18,"column":29},"end":{"line":18,"column":125}},{"start":{"line":18,"column":130},"end":{"line":18,"column":158}}],"line":18},"13":{"loc":{"start":{"line":18,"column":33},"end":{"line":18,"column":125}},"type":"cond-expr","locations":[{"start":{"line":18,"column":45},"end":{"line":18,"column":56}},{"start":{"line":18,"column":59},"end":{"line":18,"column":125}}],"line":18},"14":{"loc":{"start":{"line":18,"column":59},"end":{"line":18,"column":125}},"type":"cond-expr","locations":[{"start":{"line":18,"column":67},"end":{"line":18,"column":116}},{"start":{"line":18,"column":119},"end":{"line":18,"column":125}}],"line":18},"15":{"loc":{"start":{"line":18,"column":67},"end":{"line":18,"column":116}},"type":"binary-expr","locations":[{"start":{"line":18,"column":67},"end":{"line":18,"column":77}},{"start":{"line":18,"column":82},"end":{"line":18,"column":115}}],"line":18},"16":{"loc":{"start":{"line":18,"column":82},"end":{"line":18,"column":112}},"type":"binary-expr","locations":[{"start":{"line":18,"column":83},"end":{"line":18,"column":98}},{"start":{"line":18,"column":103},"end":{"line":18,"column":112}}],"line":18},"17":{"loc":{"start":{"line":19,"column":12},"end":{"line":19,"column":52}},"type":"if","locations":[{"start":{"line":19,"column":12},"end":{"line":19,"column":52}},{"start":{"line":19,"column":12},"end":{"line":19,"column":52}}],"line":19},"18":{"loc":{"start":{"line":20,"column":12},"end":{"line":32,"column":13}},"type":"switch","locations":[{"start":{"line":21,"column":16},"end":{"line":21,"column":23}},{"start":{"line":21,"column":24},"end":{"line":21,"column":46}},{"start":{"line":22,"column":16},"end":{"line":22,"column":72}},{"start":{"line":23,"column":16},"end":{"line":23,"column":65}},{"start":{"line":24,"column":16},"end":{"line":24,"column":65}},{"start":{"line":25,"column":16},"end":{"line":31,"column":43}}],"line":20},"19":{"loc":{"start":{"line":26,"column":20},"end":{"line":26,"column":128}},"type":"if","locations":[{"start":{"line":26,"column":20},"end":{"line":26,"column":128}},{"start":{"line":26,"column":20},"end":{"line":26,"column":128}}],"line":26},"20":{"loc":{"start":{"line":26,"column":24},"end":{"line":26,"column":106}},"type":"binary-expr","locations":[{"start":{"line":26,"column":24},"end":{"line":26,"column":74}},{"start":{"line":26,"column":79},"end":{"line":26,"column":90}},{"start":{"line":26,"column":94},"end":{"line":26,"column":105}}],"line":26},"21":{"loc":{"start":{"line":26,"column":42},"end":{"line":26,"column":73}},"type":"binary-expr","locations":[{"start":{"line":26,"column":42},"end":{"line":26,"column":54}},{"start":{"line":26,"column":58},"end":{"line":26,"column":73}}],"line":26},"22":{"loc":{"start":{"line":27,"column":20},"end":{"line":27,"column":106}},"type":"if","locations":[{"start":{"line":27,"column":20},"end":{"line":27,"column":106}},{"start":{"line":27,"column":20},"end":{"line":27,"column":106}}],"line":27},"23":{"loc":{"start":{"line":27,"column":24},"end":{"line":27,"column":77}},"type":"binary-expr","locations":[{"start":{"line":27,"column":24},"end":{"line":27,"column":35}},{"start":{"line":27,"column":40},"end":{"line":27,"column":42}},{"start":{"line":27,"column":47},"end":{"line":27,"column":59}},{"start":{"line":27,"column":63},"end":{"line":27,"column":75}}],"line":27},"24":{"loc":{"start":{"line":28,"column":20},"end":{"line":28,"column":89}},"type":"if","locations":[{"start":{"line":28,"column":20},"end":{"line":28,"column":89}},{"start":{"line":28,"column":20},"end":{"line":28,"column":89}}],"line":28},"25":{"loc":{"start":{"line":28,"column":24},"end":{"line":28,"column":53}},"type":"binary-expr","locations":[{"start":{"line":28,"column":24},"end":{"line":28,"column":35}},{"start":{"line":28,"column":39},"end":{"line":28,"column":53}}],"line":28},"26":{"loc":{"start":{"line":29,"column":20},"end":{"line":29,"column":87}},"type":"if","locations":[{"start":{"line":29,"column":20},"end":{"line":29,"column":87}},{"start":{"line":29,"column":20},"end":{"line":29,"column":87}}],"line":29},"27":{"loc":{"start":{"line":29,"column":24},"end":{"line":29,"column":43}},"type":"binary-expr","locations":[{"start":{"line":29,"column":24},"end":{"line":29,"column":25}},{"start":{"line":29,"column":29},"end":{"line":29,"column":43}}],"line":29},"28":{"loc":{"start":{"line":30,"column":20},"end":{"line":30,"column":42}},"type":"if","locations":[{"start":{"line":30,"column":20},"end":{"line":30,"column":42}},{"start":{"line":30,"column":20},"end":{"line":30,"column":42}}],"line":30},"29":{"loc":{"start":{"line":35,"column":8},"end":{"line":35,"column":35}},"type":"if","locations":[{"start":{"line":35,"column":8},"end":{"line":35,"column":35}},{"start":{"line":35,"column":8},"end":{"line":35,"column":35}}],"line":35},"30":{"loc":{"start":{"line":35,"column":52},"end":{"line":35,"column":74}},"type":"cond-expr","locations":[{"start":{"line":35,"column":60},"end":{"line":35,"column":65}},{"start":{"line":35,"column":68},"end":{"line":35,"column":74}}],"line":35},"31":{"loc":{"start":{"line":38,"column":13},"end":{"line":48,"column":1}},"type":"binary-expr","locations":[{"start":{"line":38,"column":14},"end":{"line":38,"column":18}},{"start":{"line":38,"column":22},"end":{"line":38,"column":33}},{"start":{"line":38,"column":38},"end":{"line":48,"column":1}}],"line":38},"32":{"loc":{"start":{"line":40,"column":21},"end":{"line":41,"column":20}},"type":"if","locations":[{"start":{"line":40,"column":21},"end":{"line":41,"column":20}},{"start":{"line":40,"column":21},"end":{"line":41,"column":20}}],"line":40},"33":{"loc":{"start":{"line":40,"column":25},"end":{"line":40,"column":87}},"type":"binary-expr","locations":[{"start":{"line":40,"column":25},"end":{"line":40,"column":67}},{"start":{"line":40,"column":71},"end":{"line":40,"column":87}}],"line":40},"34":{"loc":{"start":{"line":42,"column":4},"end":{"line":46,"column":9}},"type":"if","locations":[{"start":{"line":42,"column":4},"end":{"line":46,"column":9}},{"start":{"line":42,"column":4},"end":{"line":46,"column":9}}],"line":42},"35":{"loc":{"start":{"line":42,"column":8},"end":{"line":42,"column":71}},"type":"binary-expr","locations":[{"start":{"line":42,"column":8},"end":{"line":42,"column":17}},{"start":{"line":42,"column":21},"end":{"line":42,"column":71}}],"line":42},"36":{"loc":{"start":{"line":44,"column":12},"end":{"line":45,"column":34}},"type":"if","locations":[{"start":{"line":44,"column":12},"end":{"line":45,"column":34}},{"start":{"line":44,"column":12},"end":{"line":45,"column":34}}],"line":44},"37":{"loc":{"start":{"line":44,"column":16},"end":{"line":44,"column":90}},"type":"binary-expr","locations":[{"start":{"line":44,"column":16},"end":{"line":44,"column":35}},{"start":{"line":44,"column":39},"end":{"line":44,"column":90}}],"line":44},"38":{"loc":{"start":{"line":49,"column":13},"end":{"line":64,"column":1}},"type":"binary-expr","locations":[{"start":{"line":49,"column":14},"end":{"line":49,"column":18}},{"start":{"line":49,"column":22},"end":{"line":49,"column":33}},{"start":{"line":49,"column":38},"end":{"line":64,"column":1}}],"line":49},"39":{"loc":{"start":{"line":50,"column":12},"end":{"line":50,"column":62}},"type":"binary-expr","locations":[{"start":{"line":50,"column":12},"end":{"line":50,"column":40}},{"start":{"line":50,"column":44},"end":{"line":50,"column":62}}],"line":50},"40":{"loc":{"start":{"line":51,"column":4},"end":{"line":51,"column":21}},"type":"if","locations":[{"start":{"line":51,"column":4},"end":{"line":51,"column":21}},{"start":{"line":51,"column":4},"end":{"line":51,"column":21}}],"line":51},"41":{"loc":{"start":{"line":54,"column":15},"end":{"line":54,"column":64}},"type":"binary-expr","locations":[{"start":{"line":54,"column":16},"end":{"line":54,"column":28}},{"start":{"line":54,"column":32},"end":{"line":54,"column":39}},{"start":{"line":54,"column":44},"end":{"line":54,"column":64}}],"line":54},"42":{"loc":{"start":{"line":59,"column":12},"end":{"line":59,"column":61}},"type":"if","locations":[{"start":{"line":59,"column":12},"end":{"line":59,"column":61}},{"start":{"line":59,"column":12},"end":{"line":59,"column":61}}],"line":59},"43":{"loc":{"start":{"line":59,"column":16},"end":{"line":59,"column":49}},"type":"binary-expr","locations":[{"start":{"line":59,"column":16},"end":{"line":59,"column":17}},{"start":{"line":59,"column":21},"end":{"line":59,"column":28}},{"start":{"line":59,"column":33},"end":{"line":59,"column":48}}],"line":59},"44":{"loc":{"start":{"line":61,"column":18},"end":{"line":61,"column":39}},"type":"if","locations":[{"start":{"line":61,"column":18},"end":{"line":61,"column":39}},{"start":{"line":61,"column":18},"end":{"line":61,"column":39}}],"line":61},"45":{"loc":{"start":{"line":65,"column":22},"end":{"line":67,"column":1}},"type":"binary-expr","locations":[{"start":{"line":65,"column":23},"end":{"line":65,"column":27}},{"start":{"line":65,"column":31},"end":{"line":65,"column":51}},{"start":{"line":65,"column":56},"end":{"line":67,"column":1}}],"line":65},"46":{"loc":{"start":{"line":66,"column":11},"end":{"line":66,"column":61}},"type":"cond-expr","locations":[{"start":{"line":66,"column":37},"end":{"line":66,"column":40}},{"start":{"line":66,"column":43},"end":{"line":66,"column":61}}],"line":66},"47":{"loc":{"start":{"line":66,"column":12},"end":{"line":66,"column":33}},"type":"binary-expr","locations":[{"start":{"line":66,"column":12},"end":{"line":66,"column":15}},{"start":{"line":66,"column":19},"end":{"line":66,"column":33}}],"line":66},"48":{"loc":{"start":{"line":82,"column":12},"end":{"line":97,"column":13}},"type":"switch","locations":[{"start":{"line":83,"column":16},"end":{"line":83,"column":89}},{"start":{"line":84,"column":16},"end":{"line":86,"column":72}},{"start":{"line":87,"column":16},"end":{"line":96,"column":42}}],"line":82},"49":{"loc":{"start":{"line":90,"column":20},"end":{"line":95,"column":21}},"type":"if","locations":[{"start":{"line":90,"column":20},"end":{"line":95,"column":21}},{"start":{"line":90,"column":20},"end":{"line":95,"column":21}}],"line":90},"50":{"loc":{"start":{"line":107,"column":24},"end":{"line":112,"column":25}},"type":"if","locations":[{"start":{"line":107,"column":24},"end":{"line":112,"column":25}},{"start":{"line":107,"column":24},"end":{"line":112,"column":25}}],"line":107},"51":{"loc":{"start":{"line":123,"column":12},"end":{"line":162,"column":13}},"type":"switch","locations":[{"start":{"line":124,"column":16},"end":{"line":128,"column":28}},{"start":{"line":129,"column":16},"end":{"line":132,"column":95}},{"start":{"line":133,"column":16},"end":{"line":146,"column":28}},{"start":{"line":147,"column":16},"end":{"line":150,"column":85}},{"start":{"line":151,"column":16},"end":{"line":159,"column":44}},{"start":{"line":160,"column":16},"end":{"line":160,"column":105}},{"start":{"line":161,"column":16},"end":{"line":161,"column":46}}],"line":123},"52":{"loc":{"start":{"line":139,"column":32},"end":{"line":144,"column":33}},"type":"if","locations":[{"start":{"line":139,"column":32},"end":{"line":144,"column":33}},{"start":{"line":139,"column":32},"end":{"line":144,"column":33}}],"line":139},"53":{"loc":{"start":{"line":149,"column":20},"end":{"line":149,"column":66}},"type":"if","locations":[{"start":{"line":149,"column":20},"end":{"line":149,"column":66}},{"start":{"line":149,"column":20},"end":{"line":149,"column":66}}],"line":149},"54":{"loc":{"start":{"line":153,"column":20},"end":{"line":158,"column":21}},"type":"if","locations":[{"start":{"line":153,"column":20},"end":{"line":158,"column":21}},{"start":{"line":153,"column":20},"end":{"line":158,"column":21}}],"line":153},"55":{"loc":{"start":{"line":171,"column":12},"end":{"line":186,"column":13}},"type":"switch","locations":[{"start":{"line":172,"column":16},"end":{"line":172,"column":91}},{"start":{"line":173,"column":16},"end":{"line":175,"column":72}},{"start":{"line":176,"column":16},"end":{"line":185,"column":42}}],"line":171},"56":{"loc":{"start":{"line":179,"column":20},"end":{"line":184,"column":21}},"type":"if","locations":[{"start":{"line":179,"column":20},"end":{"line":184,"column":21}},{"start":{"line":179,"column":20},"end":{"line":184,"column":21}}],"line":179},"57":{"loc":{"start":{"line":195,"column":12},"end":{"line":207,"column":13}},"type":"switch","locations":[{"start":{"line":196,"column":16},"end":{"line":196,"column":103}},{"start":{"line":197,"column":16},"end":{"line":206,"column":42}}],"line":195},"58":{"loc":{"start":{"line":200,"column":20},"end":{"line":205,"column":21}},"type":"if","locations":[{"start":{"line":200,"column":20},"end":{"line":205,"column":21}},{"start":{"line":200,"column":20},"end":{"line":205,"column":21}}],"line":200},"59":{"loc":{"start":{"line":216,"column":12},"end":{"line":227,"column":13}},"type":"switch","locations":[{"start":{"line":217,"column":16},"end":{"line":217,"column":96}},{"start":{"line":218,"column":16},"end":{"line":226,"column":42}}],"line":216},"60":{"loc":{"start":{"line":220,"column":20},"end":{"line":225,"column":21}},"type":"if","locations":[{"start":{"line":220,"column":20},"end":{"line":225,"column":21}},{"start":{"line":220,"column":20},"end":{"line":225,"column":21}}],"line":220},"61":{"loc":{"start":{"line":248,"column":12},"end":{"line":278,"column":13}},"type":"switch","locations":[{"start":{"line":249,"column":16},"end":{"line":252,"column":84}},{"start":{"line":253,"column":16},"end":{"line":264,"column":33}},{"start":{"line":265,"column":16},"end":{"line":273,"column":44}},{"start":{"line":274,"column":16},"end":{"line":276,"column":75}},{"start":{"line":277,"column":16},"end":{"line":277,"column":66}}],"line":248},"62":{"loc":{"start":{"line":251,"column":20},"end":{"line":251,"column":90}},"type":"if","locations":[{"start":{"line":251,"column":20},"end":{"line":251,"column":90}},{"start":{"line":251,"column":20},"end":{"line":251,"column":90}}],"line":251},"63":{"loc":{"start":{"line":255,"column":20},"end":{"line":263,"column":21}},"type":"if","locations":[{"start":{"line":255,"column":20},"end":{"line":263,"column":21}},{"start":{"line":255,"column":20},"end":{"line":263,"column":21}}],"line":255},"64":{"loc":{"start":{"line":287,"column":12},"end":{"line":298,"column":13}},"type":"switch","locations":[{"start":{"line":288,"column":16},"end":{"line":290,"column":109}},{"start":{"line":291,"column":16},"end":{"line":293,"column":44}},{"start":{"line":294,"column":16},"end":{"line":296,"column":75}},{"start":{"line":297,"column":16},"end":{"line":297,"column":81}}],"line":287},"65":{"loc":{"start":{"line":307,"column":12},"end":{"line":326,"column":13}},"type":"switch","locations":[{"start":{"line":308,"column":16},"end":{"line":311,"column":120}},{"start":{"line":312,"column":16},"end":{"line":314,"column":44}},{"start":{"line":315,"column":16},"end":{"line":317,"column":75}},{"start":{"line":318,"column":16},"end":{"line":325,"column":42}}],"line":307},"66":{"loc":{"start":{"line":319,"column":20},"end":{"line":324,"column":21}},"type":"if","locations":[{"start":{"line":319,"column":20},"end":{"line":324,"column":21}},{"start":{"line":319,"column":20},"end":{"line":324,"column":21}}],"line":319},"67":{"loc":{"start":{"line":335,"column":12},"end":{"line":347,"column":13}},"type":"switch","locations":[{"start":{"line":336,"column":16},"end":{"line":338,"column":111}},{"start":{"line":339,"column":16},"end":{"line":341,"column":44}},{"start":{"line":342,"column":16},"end":{"line":345,"column":75}},{"start":{"line":346,"column":16},"end":{"line":346,"column":63}}],"line":335},"68":{"loc":{"start":{"line":368,"column":12},"end":{"line":381,"column":13}},"type":"switch","locations":[{"start":{"line":369,"column":16},"end":{"line":375,"column":61}},{"start":{"line":376,"column":16},"end":{"line":376,"column":99}},{"start":{"line":377,"column":16},"end":{"line":380,"column":56}}],"line":368},"69":{"loc":{"start":{"line":374,"column":20},"end":{"line":374,"column":54}},"type":"if","locations":[{"start":{"line":374,"column":20},"end":{"line":374,"column":54}},{"start":{"line":374,"column":20},"end":{"line":374,"column":54}}],"line":374},"70":{"loc":{"start":{"line":390,"column":12},"end":{"line":398,"column":13}},"type":"switch","locations":[{"start":{"line":391,"column":16},"end":{"line":393,"column":67}},{"start":{"line":394,"column":16},"end":{"line":397,"column":111}}],"line":390}},"s":{"0":1,"1":24,"2":7,"3":29,"4":24,"5":24,"6":0,"7":0,"8":0,"9":0,"10":53,"11":29,"12":1,"13":29,"14":24,"15":0,"16":24,"17":29,"18":0,"19":87,"20":53,"21":53,"22":0,"23":53,"24":108,"25":108,"26":0,"27":108,"28":0,"29":108,"30":53,"31":53,"32":24,"33":24,"34":0,"35":0,"36":0,"37":0,"38":0,"39":0,"40":0,"41":31,"42":29,"43":29,"44":2,"45":2,"46":2,"47":0,"48":0,"49":0,"50":0,"51":0,"52":0,"53":0,"54":0,"55":0,"56":0,"57":0,"58":0,"59":55,"60":0,"61":0,"62":108,"63":29,"64":0,"65":29,"66":1,"67":0,"68":0,"69":0,"70":0,"71":0,"72":0,"73":0,"74":0,"75":0,"76":0,"77":0,"78":1,"79":0,"80":0,"81":0,"82":0,"83":0,"84":0,"85":0,"86":0,"87":0,"88":0,"89":0,"90":0,"91":0,"92":0,"93":0,"94":1,"95":2,"96":1,"97":1,"98":1,"99":1,"100":1,"101":1,"102":1,"103":1,"104":1,"105":1,"106":3,"107":3,"108":9,"109":3,"110":3,"111":3,"112":3,"113":3,"114":2,"115":1,"116":0,"117":1,"118":10,"119":10,"120":10,"121":10,"122":10,"123":6,"124":4,"125":1,"126":2,"127":2,"128":10,"129":2,"130":2,"131":2,"132":2,"133":2,"134":2,"135":2,"136":2,"137":2,"138":2,"139":0,"140":2,"141":2,"142":2,"143":2,"144":0,"145":0,"146":0,"147":0,"148":0,"149":0,"150":2,"151":0,"152":1,"153":0,"154":0,"155":0,"156":0,"157":0,"158":0,"159":0,"160":0,"161":0,"162":0,"163":0,"164":1,"165":0,"166":0,"167":0,"168":0,"169":0,"170":0,"171":0,"172":0,"173":0,"174":0,"175":1,"176":10,"177":10,"178":20,"179":10,"180":10,"181":10,"182":4,"183":6,"184":0,"185":1,"186":2,"187":2,"188":2,"189":2,"190":1,"191":0,"192":0,"193":0,"194":0,"195":0,"196":0,"197":0,"198":0,"199":0,"200":0,"201":0,"202":0,"203":0,"204":0,"205":0,"206":0,"207":0,"208":0,"209":0,"210":0,"211":0,"212":0,"213":0,"214":1,"215":0,"216":0,"217":0,"218":0,"219":0,"220":0,"221":0,"222":0,"223":0,"224":0,"225":1,"226":0,"227":0,"228":0,"229":0,"230":0,"231":0,"232":0,"233":0,"234":0,"235":0,"236":0,"237":0,"238":0,"239":0,"240":1,"241":0,"242":0,"243":0,"244":0,"245":0,"246":0,"247":0,"248":0,"249":0,"250":0,"251":0,"252":1,"253":0,"254":0,"255":0,"256":0,"257":0,"258":0,"259":0,"260":0,"261":0,"262":0,"263":0,"264":0,"265":0,"266":0,"267":0,"268":0,"269":0,"270":0,"271":1,"272":2,"273":2,"274":4,"275":2,"276":2,"277":2,"278":2,"279":1,"280":0,"281":0,"282":0,"283":0,"284":0,"285":0,"286":0,"287":0,"288":0,"289":0,"290":1,"291":0,"292":1,"293":0,"294":1},"f":{"0":29,"1":24,"2":7,"3":29,"4":24,"5":0,"6":53,"7":29,"8":24,"9":0,"10":87,"11":53,"12":53,"13":0,"14":0,"15":2,"16":3,"17":3,"18":9,"19":10,"20":10,"21":10,"22":10,"23":10,"24":2,"25":2,"26":10,"27":2,"28":2,"29":0,"30":0,"31":0,"32":0,"33":0,"34":0,"35":10,"36":10,"37":20,"38":2,"39":2,"40":2,"41":0,"42":0,"43":0,"44":0,"45":0,"46":0,"47":0,"48":0,"49":0,"50":0,"51":0,"52":0,"53":0,"54":0,"55":0,"56":0,"57":2,"58":2,"59":4,"60":0,"61":0,"62":0},"b":{"0":[1,1,1],"1":[17,7],"2":[29,29],"3":[29,24],"4":[29,29],"5":[1,1,1],"6":[0,24],"7":[29,29],"8":[0,53],"9":[137,29],"10":[29,0],"11":[0,108],"12":[108,0,0],"13":[0,0],"14":[0,0],"15":[0,0],"16":[0,0],"17":[0,108],"18":[53,53,24,0,0,31],"19":[29,2],"20":[31,31,31],"21":[31,0],"22":[2,0],"23":[2,2,0,0],"24":[0,0],"25":[0,0],"26":[0,0],"27":[0,0],"28":[0,0],"29":[0,29],"30":[29,0],"31":[1,1,1],"32":[0,0],"33":[0,0],"34":[0,0],"35":[0,0],"36":[0,0],"37":[0,0],"38":[1,1,1],"39":[0,0],"40":[0,0],"41":[0,0,0],"42":[0,0],"43":[0,0,0],"44":[0,0],"45":[1,1,1],"46":[0,2],"47":[2,2],"48":[3,3,3],"49":[2,1],"50":[6,4],"51":[2,2,2,2,0,2,0],"52":[0,2],"53":[2,0],"54":[0,0],"55":[0,0,0],"56":[0,0],"57":[0,0],"58":[0,0],"59":[10,10],"60":[4,6],"61":[0,0,0,0,0],"62":[0,0],"63":[0,0],"64":[0,0,0,0],"65":[0,0,0,0],"66":[0,0],"67":[0,0,0,0],"68":[0,0,0],"69":[0,0],"70":[2,2]},"inputSourceMap":{"version":3,"file":"D:/Projects/Winter 2023/Team Project/SOEN390_Team13/soen390_backend/src/controllers/userControllers.ts","sources":["D:/Projects/Winter 2023/Team Project/SOEN390_Team13/soen390_backend/src/controllers/userControllers.ts"],"names":[],"mappings":";;;;;;;;;;;;;;;;;;;;;;;;;;;;;;;;;;;;;;;;;;;;;;;;;;;;;;;;;;;;;;;;;;;;;AAAA,yDAYkC;AAClC,kDAA4B;AAC5B,uCAKwB;AACxB,iCAA8B;AAE9B,8DAA+B;AACvB,IAAA,IAAI,GAAK,sBAAG,KAAR,CAAS;AACrB,IAAM,UAAU,GAAG,CAAC,CAAC;AACrB,gBAAM,CAAC,MAAM,EAAE,CAAC;AAChB,SAAsB,aAAa,CAAC,MAAc;;;;;wBACnC,qBAAM,IAAA,6BAAc,EAAC,MAAM,CAAC,EAAA;;oBAAnC,IAAI,GAAG,SAA4B;oBACrB,qBAAM,kBAAW,CAAC,IAAI,CAAC,IAAI,CAAC,EAAA;;oBAA1C,WAAW,GAAG,SAA4B;oBAC9C,4BAA4B;oBAC5B,IAAI,IAAI,EAAE;wBACN,sBAAO,CAAC,GAAG,EAAE,WAAW,CAAC,EAAC;qBAC7B;yBAAM;wBACH,sBAAO,CAAC,GAAG,EAAE,EAAE,GAAG,EAAE,gBAAgB,EAAE,CAAC,EAAC;qBAC3C;;;;;CACJ;AATD,sCASC;AACD,SAAsB,gBAAgB,CAAC,KAAa;;;YAChD,sBAAO,IAAI,OAAO,CAAC,UAAC,OAAO,EAAE,CAAC;oBAC1B,IAAA,gCAAiB,EAAC,KAAK,EAAE,UAAC,IAAI;wBAC1B,IAAI,IAAI,IAAI,IAAI,EAAE;4BACd,OAAO,CAAC,CAAC,GAAG,EAAE,IAAI,CAAC,CAAC,CAAC;yBACxB;6BAAM;4BACH,OAAO,CAAC,CAAC,GAAG,EAAE,IAAI,CAAC,CAAC,CAAC;yBACxB;oBACL,CAAC,CAAC,CAAC;gBACP,CAAC,CAAC,EAAC;;;CACN;AAVD,4CAUC;AACD,SAAsB,YAAY,CAAC,IAAS;;;;;;oBACxC,OAAO,CAAC,GAAG,CAAC,IAAI,CAAC,CAAC;oBAEM,qBAAM,kBAAW,CAAC,IAAI,CAAC,IAAI,EAAE;4BACjD,YAAY,EAAE,KAAK;yBACtB,CAAC,EAAA;;oBAFE,WAAW,GAAS,SAEtB;oBACF,KAAA,WAAW,CAAA;oBAAY,qBAAM,IAAA,aAAI,EAAC,WAAW,CAAC,QAAQ,EAAE,UAAU,CAAC,EAAA;;oBAAnE,GAAY,QAAQ,GAAG,SAA4C,CAAC;oBACpE,OAAO,CAAC,GAAG,CAAC,WAAW,CAAC,CAAC;oBAClB,qBAAM,IAAI,OAAO,CAAC,UAAC,OAAO,EAAE,CAAC;4BAChC,IAAA,gCAAiB,EAAC,WAAW,CAAC,KAAK,EAAE,UAAC,IAAI;gCACtC,qBAAqB;gCACrB,IAAI,IAAI,IAAI,IAAI,EAAE;oCACd,OAAO,CAAC,IAAI,CAAC,CAAC;iCACjB;qCAAM;oCACH,OAAO,CAAC,IAAI,CAAC,CAAC;iCACjB;4BACL,CAAC,CAAC,CAAC;wBACP,CAAC,CAAC,EAAA;;oBATF,IAAI,GAAG,SASL,CAAC;yBACC,CAAA,IAAI,KAAK,IAAI,CAAA,EAAb,wBAAa;oBACQ,qBAAM,IAAA,wBAAS,EAAC,WAAW,CAAC,EAAA;;oBAA7C,cAAc,GAAG,SAA4B;oBACjD,IAAI,cAAc,EAAE;wBAChB,sBAAO,CAAC,GAAG,EAAE,cAAc,CAAC,EAAC;qBAChC;yBAAM;wBACH,sBAAO,CAAC,GAAG,EAAE,EAAE,GAAG,EAAE,sBAAsB,EAAE,CAAC,EAAC;qBACjD;;wBAED,sBAAO,CAAC,GAAG,EAAE,EAAE,GAAG,EAAE,yCAAyC,EAAE,CAAC,EAAC;;;;;CAExE;AA5BD,oCA4BC;AACD,SAAsB,UAAU,CAAC,MAAc;;;;;wBAChC,qBAAM,IAAA,+BAAgB,EAAC,MAAM,CAAC,EAAA;;oBAArC,IAAI,GAAG,SAA8B;oBACvB,qBAAM,kBAAW,CAAC,IAAI,CAAC,IAAI,CAAC,EAAA;;oBAA1C,WAAW,GAAG,SAA4B;oBAC9C,oBAAoB;oBACpB,IAAI,IAAI,EAAE;wBACN,sBAAO,CAAC,GAAG,EAAE,WAAW,CAAC,EAAC;qBAC7B;yBAAM;wBACH,sBAAO,CAAC,GAAG,EAAE,EAAE,GAAG,EAAE,gBAAgB,EAAE,CAAC,EAAC;qBAC3C;;;;;CACJ;AATD,gCASC;AACD,SAAsB,iBAAiB,CACnC,MAAc,EACd,IAAY,EACZ,IAAS;;;;;wBAEC,qBAAM,IAAA,+BAAgB,EAAC,MAAM,EAAE,IAAI,EAAE,IAAI,CAAC,EAAA;;oBAAhD,GAAG,GAAG,SAA0C;oBACpD,OAAO,CAAC,GAAG,CAAC,uBAAuB,CAAC,CAAC;oBACrC,IAAI,GAAG,IAAI,IAAI,EAAE;wBACb,sBAAO,CAAC,GAAG,EAAE,EAAE,GAAG,EAAE,sBAAsB,EAAE,CAAC,EAAC;qBACjD;yBAAM;wBACH,sBAAO,CAAC,GAAG,EAAE,GAAG,CAAC,EAAC;qBACrB;;;;;CACJ;AAZD,8CAYC;AACD,SAAsB,cAAc,CAAC,MAAc,EAAE,IAAY;;;;;wBAC3C,qBAAM,IAAA,8BAAe,EAAC,MAAM,EAAE,IAAI,CAAC,EAAA;;oBAAjD,WAAW,GAAG,SAAmC;oBACrD,IAAI,WAAW,IAAI,IAAI,EAAE;wBACrB,sBAAO,CAAC,GAAG,EAAE,EAAE,GAAG,EAAE,wBAAwB,EAAE,CAAC,EAAC;qBACnD;yBAAM;wBACH,sBAAO,CAAC,GAAG,EAAE,WAAW,CAAC,EAAC;qBAC7B;;;;;CACJ;AAPD,wCAOC;AACD,qEAAqE;AACrE,SAAsB,gBAAgB,CAAC,GAAW,EAAE,QAAgB;;;;YAC5D,KAAK,GAAY,QAAQ,IAAI,GAAG,CAAC;YACrC,sBAAsB;YACtB,sBAAO,KAAK,EAAC;;;CAChB;AAJD,4CAIC;AACD,SAAsB,WAAW,CAC7B,WAAiB,EACjB,UAAe,EACf,EAAU;;;;;;;yBAGF,CAAA,WAAW,CAAC,KAAK,IAAI,UAAU,CAAC,KAAK,CAAA,EAArC,wBAAqC;oBACf,qBAAM,gBAAgB,CACxC,UAAU,CAAC,KAAK,CACnB,CAAC,IAAI,EAAE,EAAA;;oBAFF,OAAO,GAAS,SAEd;oBACR,IAAI,OAAO,CAAC,CAAC,CAAC,IAAI,IAAI,EAAE;wBACpB,WAAW,CAAC,KAAK,GAAG,UAAU,CAAC,KAAK,CAAC;qBACxC;yBAAM;wBACH,sBAAO;gCACH,GAAG;gCACH,EAAE,GAAG,EAAE,2CAA2C,EAAE;6BACvD,EAAC;qBACL;;;oBAEL,WAAW,CAAC,KAAK,GAAG,UAAU,CAAC,KAAK,CAAC;oBACrC,WAAW,CAAC,QAAQ,GAAG,UAAU,CAAC,QAAQ,CAAC;oBAC3C,WAAW,CAAC,GAAG,GAAG,UAAU,CAAC,GAAG,CAAC;oBACjC,WAAW,CAAC,cAAc,GAAG,UAAU,CAAC,cAAc,CAAC;oBACvD,WAAW,CAAC,eAAe,GAAG,UAAU,CAAC,eAAe,CAAC;oBACzD,WAAW,CAAC,IAAI,GAAG,UAAU,CAAC,IAAI,CAAC;oBACnC,IAAA,yBAAU,EAAC,WAAW,EAAE,EAAE,CAAC,CAAC;;;;oBAE5B,sBAAO,CAAC,GAAG,EAAE,EAAE,GAAG,EAAE,eAAe,EAAE,CAAC,EAAC;wBAE3C,sBAAO,CAAC,GAAG,EAAE,WAAW,CAAC,EAAC;;;;CAC7B;AA9BD,kCA8BC;AAED,SAAsB,UAAU,CAAC,aAAqB,EAAE,WAAmB;;;;;;;oBAEnE,qBAAM,IAAA,iCAAkB,EAAC,aAAa,EAAE,WAAW,CAAC,EAAA;;oBAApD,SAAoD,CAAC;;;;oBAErD,sBAAO,CAAC,GAAG,EAAE,EAAE,GAAG,EAAG,OAAe,CAAC,OAAO,EAAE,CAAC,EAAC;wBAGpD,sBAAO,CAAC,GAAG,EAAE,EAAE,GAAG,EAAE,iBAAiB,EAAE,CAAC,EAAC;;;;CAC5C;AARD,gCAQC;AAED,SAAsB,YAAY,CAC9B,WAAmB,EACnB,YAAoB,EACpB,QAAiB;;;;;;;oBAGb,OAAO,CAAC,GAAG,CAAC,QAAQ,CAAC,CAAC;oBACtB,qBAAM,IAAA,mCAAoB,EAAC,WAAW,EAAE,YAAY,EAAE,QAAQ,CAAC,EAAA;;oBAA/D,SAA+D,CAAC;;;;oBAEhE,sBAAO,CAAC,GAAG,EAAE,EAAE,GAAG,EAAG,OAAe,CAAC,OAAO,EAAE,CAAC,EAAC;;oBAGpD,IAAI,QAAQ,EAAE;wBACV,sBAAO,CAAC,GAAG,EAAE,EAAE,GAAG,EAAE,uBAAuB,EAAE,CAAC,EAAC;qBAClD;yBAAM;wBACH,sBAAO,CAAC,GAAG,EAAE,EAAE,GAAG,EAAE,sBAAsB,EAAE,CAAC,EAAC;qBACjD;;;;;CACJ;AAjBD,oCAiBC;AAED,SAAsB,wBAAwB,CAC1C,SAAiB,EACjB,OAAgB;;;;;;;oBAKD,qBAAM,IAAA,2CAA4B,EAAC,SAAS,EAAE,OAAO,CAAC,EAAA;;oBAAjE,QAAQ,GAAG,SAAsD,CAAC;;;;oBAElE,OAAO,CAAC,GAAG,CAAE,OAAe,CAAC,OAAO,CAAC,CAAC;oBACtC,sBAAO,CAAC,GAAG,EAAE,EAAE,GAAG,EAAG,OAAe,CAAC,OAAO,EAAE,CAAC,EAAC;wBAGpD,sBAAO,CAAC,GAAG,EAAE,QAAQ,CAAC,EAAC;;;;CAC1B;AAdD,4DAcC;AAED,SAAS,kBAAkB,CAAC,MAAkB;IAC1C,IAAI,UAAU,GAAQ,EAAE,MAAM,EAAE,EAAE,EAAE,OAAO,EAAE,EAAE,EAAE,CAAC;IAClD,IAAI;QACA,yBAAkB,CAAC,YAAY,CAAC,MAAM,CAAC,CAAC;KAC3C;IAAC,OAAO,GAAQ,EAAE;QACf,UAAU,CAAC,OAAO,GAAG,GAAG,CAAC,IAAI,CAAC;QAC9B,UAAU,CAAC,MAAM,GAAG,GAAG,CAAC,MAAM,CAAC;QAC/B,OAAO,CAAC,IAAI,EAAE,UAAU,CAAC,CAAC;KAC7B;IACD,OAAO,CAAC,KAAK,EAAE,EAAE,CAAC,CAAC;AACvB,CAAC;AAED,SAAsB,0BAA0B,CAAC,MAAkB;;;;;;oBAC3D,cAAc,GAAG,yBAAkB,CAAC,IAAI,CAAC,MAAM,EAAE;wBACjD,YAAY,EAAE,IAAI;qBACrB,CAAC,CAAC;oBAEC,KAAA,OAAoB,kBAAkB,CAAC,cAAc,CAAC,IAAA,EAArD,GAAG,QAAA,EAAE,UAAU,QAAA,CAAuC;yBACvD,GAAG,EAAH,wBAAG;oBACH,sBAAO,CAAC,GAAG,EAAE,UAAU,CAAC,EAAC;wBAEb,qBAAM,IAAA,+BAAgB,EAAC,cAAc,CAAC,EAAA;;oBAA9C,KAAK,GAAG,SAAsC;oBAElD,yBAAyB;oBACzB,sBAAO,CAAC,GAAG,EAAE,KAAK,CAAC,EAAC;;;;CAE3B;AAdD,gEAcC;AACD,SAAsB,mBAAmB,CAAC,QAAa;;;;;;oBACnD,KAAA,CAAA,KAAA,OAAO,CAAA,CAAC,GAAG,CAAA;oBAAC,qBAAM,OAAO,CAAC,GAAG,CAAC,YAAY,EAAA;;oBAA1C,cAAY,SAA8B,EAAC,CAAC;oBAC5C,yCAAyC;oBACzC,sBAAO,IAAI,CAAC,QAAQ,EAAE,OAAO,CAAC,GAAG,CAAC,YAAa,EAAE,EAAE,SAAS,EAAE,UAAU,EAAE,CAAC,EAAC;;;;CAC/E;AAJD,kDAIC;AACD,SAAgB,SAAS,CAAC,GAAY,EAAE,GAAa,EAAE,IAAkB;IACrE,OAAO,CAAC,GAAG,CAAC,GAAG,CAAC,OAAO,CAAC,CAAC;IACjB,IAAA,YAAY,GAAK,GAAG,CAAC,OAAO,aAAhB,CAAiB;IACrC,IAAI;QACA,IAAM,KAA2B,sBAAG,CAAC,MAAM,CACvC,YAAY,EACZ,OAAO,CAAC,GAAG,CAAC,YAAa,CACpB,EAHD,GAAG,SAAA,EAAE,GAAG,SAAA,EAAK,OAAO,cAAtB,cAAwB,CAGrB,CAAC;QACV,GAAG,CAAC,OAAO,CAAC,IAAI,GAAG,OAAO,CAAC,CAAC,qCAAqC;QACjE,IAAI,EAAE,CAAC;KACV;IAAC,OAAO,GAAQ,EAAE;QACf,GAAG,CAAC,MAAM,CAAC,GAAG,CAAC,CAAC,IAAI,CAAC,iBAAiB,CAAC,CAAC;KAC3C;AACL,CAAC;AAbD,8BAaC;AACD,SAAgB,OAAO,CAAC,OAAgB;IACpC,OAAO,MAAM,IAAI,OAAO,CAAC;AAC7B,CAAC;AAFD,0BAEC;AACD,SAAgB,OAAO,CAAC,OAAgB;IACpC,OAAO,MAAM,IAAI,OAAO,CAAC;AAC7B,CAAC;AAFD,0BAEC","sourcesContent":["import {\r\n    findUserWithID,\r\n    findUserWithEmail,\r\n    storeUser,\r\n    deleteUserWithId,\r\n    sendUserInvitation,\r\n    storeAccountFile,\r\n    findAccountFile,\r\n    updateUser,\r\n    manageUserInvitation,\r\n    getUserInvitationsOrContacts,\r\n    getFilteredUsers,\r\n} from \"../services/userServices\";\r\nimport dotenv from \"dotenv\";\r\nimport {\r\n    User,\r\n    UserFilter,\r\n    user_filter_schema,\r\n    user_schema,\r\n} from \"../models/User\";\r\nimport { hash } from \"bcrypt\";\r\nimport { NextFunction, Request, Response } from \"express\";\r\nimport jwt from \"jsonwebtoken\";\r\nconst { sign } = jwt;\r\nconst saltRounds = 4;\r\ndotenv.config();\r\nexport async function getUserWithID(userID: string) {\r\n    let user = await findUserWithID(userID);\r\n    let casted_user = await user_schema.cast(user);\r\n    // console.log(casted_user);\r\n    if (user) {\r\n        return [200, casted_user];\r\n    } else {\r\n        return [404, { msg: \"User not found\" }];\r\n    }\r\n}\r\nexport async function getUserWithEmail(email: string) {\r\n    return new Promise((resolve, _) => {\r\n        findUserWithEmail(email, (user) => {\r\n            if (user == null) {\r\n                resolve([404, null]);\r\n            } else {\r\n                resolve([200, user]);\r\n            }\r\n        });\r\n    });\r\n}\r\nexport async function registerUser(user: any) {\r\n    console.log(user);\r\n\r\n    let casted_user: User = await user_schema.cast(user, {\r\n        stripUnknown: false,\r\n    });\r\n    casted_user.password = await hash(casted_user.password, saltRounds);\r\n    console.log(casted_user);\r\n    user = await new Promise((resolve, _) => {\r\n        findUserWithEmail(casted_user.email, (user) => {\r\n            // console.log(user);\r\n            if (user == null) {\r\n                resolve(null);\r\n            } else {\r\n                resolve(user);\r\n            }\r\n        });\r\n    });\r\n    if (user === null) {\r\n        let registeredUser = await storeUser(casted_user);\r\n        if (registeredUser) {\r\n            return [200, registeredUser];\r\n        } else {\r\n            return [404, { msg: \"User not registered.\" }];\r\n        }\r\n    } else {\r\n        return [401, { msg: \"Email was already found in the database\" }];\r\n    }\r\n}\r\nexport async function deleteUser(userID: string) {\r\n    let user = await deleteUserWithId(userID);\r\n    let casted_user = await user_schema.cast(user);\r\n    //console.log(user);\r\n    if (user) {\r\n        return [200, casted_user];\r\n    } else {\r\n        return [404, { msg: \"User not found\" }];\r\n    }\r\n}\r\nexport async function uploadAccountFile(\r\n    userID: string,\r\n    type: string,\r\n    file: any\r\n) {\r\n    let url = await storeAccountFile(userID, type, file);\r\n    console.log(\"File upload finished.\");\r\n    if (url == null) {\r\n        return [404, { msg: \"File storage failed.\" }];\r\n    } else {\r\n        return [200, url];\r\n    }\r\n}\r\nexport async function getAccountFile(userID: string, type: string) {\r\n    let downloadUrl = await findAccountFile(userID, type);\r\n    if (downloadUrl == null) {\r\n        return [404, { msg: \"File retrieval failed.\" }];\r\n    } else {\r\n        return [200, downloadUrl];\r\n    }\r\n}\r\n//This is to be later updated to have the compare encrypted passwords\r\nexport async function comparePasswords(pwd: string, password: string) {\r\n    let match: boolean = password == pwd;\r\n    // console.log(match);\r\n    return match;\r\n}\r\nexport async function editAccount(\r\n    currProfile: User,\r\n    newProfile: any,\r\n    id: string\r\n) {\r\n    try {\r\n        if (currProfile.email != newProfile.email) {\r\n            const userArr: User = await getUserWithEmail(\r\n                newProfile.email\r\n            ).then();\r\n            if (userArr[1] == null) {\r\n                currProfile.email = newProfile.email;\r\n            } else {\r\n                return [\r\n                    404,\r\n                    { msg: \"Email is already affiliated to an account\" },\r\n                ];\r\n            }\r\n        }\r\n        currProfile.email = newProfile.email;\r\n        currProfile.password = newProfile.password;\r\n        currProfile.bio = newProfile.bio;\r\n        currProfile.currentCompany = newProfile.currentCompany;\r\n        currProfile.currentPosition = newProfile.currentPosition;\r\n        currProfile.name = newProfile.name;\r\n        updateUser(currProfile, id);\r\n    } catch (err: any) {\r\n        return [400, { msg: \"missing field\" }];\r\n    }\r\n    return [200, currProfile];\r\n}\r\n\r\nexport async function sendInvite(receiverEmail: string, senderEmail: string) {\r\n    try {\r\n        await sendUserInvitation(receiverEmail, senderEmail);\r\n    } catch (error) {\r\n        return [404, { msg: (error as Error).message }];\r\n    }\r\n\r\n    return [200, { msg: \"Invitation sent\" }];\r\n}\r\n\r\nexport async function manageInvite(\r\n    senderEmail: string,\r\n    invitedEmail: string,\r\n    isAccept: boolean\r\n) {\r\n    try {\r\n        console.log(isAccept);\r\n        await manageUserInvitation(senderEmail, invitedEmail, isAccept);\r\n    } catch (error) {\r\n        return [404, { msg: (error as Error).message }];\r\n    }\r\n\r\n    if (isAccept) {\r\n        return [200, { msg: \"Invitation Accepted! \" }];\r\n    } else {\r\n        return [200, { msg: \"Invitation Declined \" }];\r\n    }\r\n}\r\n\r\nexport async function getInvitationsOrContacts(\r\n    userEmail: string,\r\n    contact: boolean\r\n) {\r\n    let userList: User[];\r\n\r\n    try {\r\n        userList = await getUserInvitationsOrContacts(userEmail, contact);\r\n    } catch (error) {\r\n        console.log((error as Error).message);\r\n        return [404, { msg: (error as Error).message }];\r\n    }\r\n\r\n    return [200, userList];\r\n}\r\n\r\nfunction validateUserFilter(filter: UserFilter) {\r\n    let error_data: any = { errMsg: \"\", errType: \"\" };\r\n    try {\r\n        user_filter_schema.validateSync(filter);\r\n    } catch (err: any) {\r\n        error_data.errType = err.name;\r\n        error_data.errMsg = err.errors;\r\n        return [true, error_data];\r\n    }\r\n    return [false, {}];\r\n}\r\n\r\nexport async function getFilteredUsersController(filter: UserFilter) {\r\n    let stripped_filer = user_filter_schema.cast(filter, {\r\n        stripUnknown: true,\r\n    });\r\n\r\n    let [err, error_data] = validateUserFilter(stripped_filer);\r\n    if (err) {\r\n        return [400, error_data];\r\n    } else {\r\n        let users = await getFilteredUsers(stripped_filer);\r\n\r\n        // parse_links(products);\r\n        return [200, users];\r\n    }\r\n}\r\nexport async function generateAccessToken(username: any) {\r\n    console.log(await process.env.TOKEN_SECRET);\r\n    //console.log(process.env.TOKEN_SECRET!);\r\n    return sign(username, process.env.TOKEN_SECRET!, { expiresIn: \"28800000\" });\r\n}\r\nexport function verifyJWT(req: Request, res: Response, next: NextFunction) {\r\n    console.log(req.cookies);\r\n    const { FrontendUser } = req.cookies;\r\n    try {\r\n        const { iat, exp, ...payload } = jwt.verify(\r\n            FrontendUser,\r\n            process.env.TOKEN_SECRET!\r\n        ) as User;\r\n        req.cookies.user = payload; //Maybe not good will need to recheck\r\n        next();\r\n    } catch (err: any) {\r\n        res.status(401).json(\"Invalid Session\");\r\n    }\r\n}\r\nexport function hasUser(request: Request): request is Request & { user: any } {\r\n    return \"user\" in request;\r\n}\r\nexport function hasFile(request: Request): request is Request & { file: any } {\r\n    return \"file\" in request;\r\n}\r\n"]},"_coverageSchema":"1a1c01bbd47fc00a2c39e90264f33305004495a9","hash":"47ae6e7d17e35f884919e60e8636922ac5b3672e","contentHash":"e981c41c181d32addd8473ad7672c07084f65ff64d7e60cfbf5c21ff318c8565"},"D:\\Projects\\Winter 2023\\Team Project\\SOEN390_Team13\\soen390_backend\\src\\services\\userServices.ts":{"path":"D:\\Projects\\Winter 2023\\Team Project\\SOEN390_Team13\\soen390_backend\\src\\services\\userServices.ts","statementMap":{"0":{"start":{"line":2,"column":15},"end":{"line":12,"column":1}},"1":{"start":{"line":3,"column":4},"end":{"line":10,"column":6}},"2":{"start":{"line":4,"column":8},"end":{"line":8,"column":9}},"3":{"start":{"line":4,"column":24},"end":{"line":4,"column":25}},"4":{"start":{"line":4,"column":31},"end":{"line":4,"column":47}},"5":{"start":{"line":5,"column":12},"end":{"line":5,"column":29}},"6":{"start":{"line":6,"column":12},"end":{"line":7,"column":28}},"7":{"start":{"line":6,"column":29},"end":{"line":7,"column":28}},"8":{"start":{"line":7,"column":16},"end":{"line":7,"column":28}},"9":{"start":{"line":9,"column":8},"end":{"line":9,"column":17}},"10":{"start":{"line":11,"column":4},"end":{"line":11,"column":43}},"11":{"start":{"line":13,"column":16},"end":{"line":21,"column":1}},"12":{"start":{"line":14,"column":28},"end":{"line":14,"column":110}},"13":{"start":{"line":14,"column":91},"end":{"line":14,"column":106}},"14":{"start":{"line":15,"column":4},"end":{"line":20,"column":7}},"15":{"start":{"line":16,"column":36},"end":{"line":16,"column":97}},"16":{"start":{"line":16,"column":42},"end":{"line":16,"column":70}},"17":{"start":{"line":16,"column":85},"end":{"line":16,"column":95}},"18":{"start":{"line":17,"column":35},"end":{"line":17,"column":100}},"19":{"start":{"line":17,"column":41},"end":{"line":17,"column":73}},"20":{"start":{"line":17,"column":88},"end":{"line":17,"column":98}},"21":{"start":{"line":18,"column":32},"end":{"line":18,"column":116}},"22":{"start":{"line":19,"column":8},"end":{"line":19,"column":78}},"23":{"start":{"line":22,"column":18},"end":{"line":48,"column":1}},"24":{"start":{"line":23,"column":12},"end":{"line":23,"column":104}},"25":{"start":{"line":23,"column":43},"end":{"line":23,"column":68}},"26":{"start":{"line":23,"column":57},"end":{"line":23,"column":68}},"27":{"start":{"line":23,"column":69},"end":{"line":23,"column":81}},"28":{"start":{"line":24,"column":4},"end":{"line":24,"column":157}},"29":{"start":{"line":24,"column":138},"end":{"line":24,"column":150}},"30":{"start":{"line":25,"column":23},"end":{"line":25,"column":68}},"31":{"start":{"line":25,"column":45},"end":{"line":25,"column":65}},"32":{"start":{"line":27,"column":8},"end":{"line":27,"column":70}},"33":{"start":{"line":27,"column":15},"end":{"line":27,"column":70}},"34":{"start":{"line":28,"column":8},"end":{"line":45,"column":66}},"35":{"start":{"line":28,"column":50},"end":{"line":45,"column":66}},"36":{"start":{"line":29,"column":12},"end":{"line":29,"column":169}},"37":{"start":{"line":29,"column":160},"end":{"line":29,"column":169}},"38":{"start":{"line":30,"column":12},"end":{"line":30,"column":52}},"39":{"start":{"line":30,"column":26},"end":{"line":30,"column":52}},"40":{"start":{"line":31,"column":12},"end":{"line":43,"column":13}},"41":{"start":{"line":32,"column":32},"end":{"line":32,"column":39}},"42":{"start":{"line":32,"column":40},"end":{"line":32,"column":46}},"43":{"start":{"line":33,"column":24},"end":{"line":33,"column":34}},"44":{"start":{"line":33,"column":35},"end":{"line
[...]
AE,EAAE,EAAE;wBAC3B,OAAO,EAAE,IAAI,IAAI,CAAC,IAAI,CAAC,GAAG,EAAE,CAAC;wBAC7B,IAAI,EAAE,GAAG;wBACT,QAAQ,EAAE,IAAI;qBACjB,CAAC,CAAC;oBACH,OAAO,CAAC,GAAG,CAAC,GAAG,CAAC,OAAO,CAAC,YAAY,CAAC,CAAC;oBACtC,sBAAO,GAAG,CAAC,MAAM,CAAC,GAAG,CAAC,CAAC,IAAI,CAAC,IAAI,CAAC,EAAC;iBACrC;gBAAC,OAAO,GAAQ,EAAE;oBACf,sBAAO,GAAG,CAAC,MAAM,CAAC,GAAG,CAAC,CAAC,IAAI,CAAC,EAAE,OAAO,EAAE,GAAG,CAAC,IAAI,EAAE,MAAM,EAAE,GAAG,CAAC,OAAO,EAAE,CAAC,EAAC;iBAC3E;;;;KACJ,CAAC,CAAC;AACH,IAAI,CAAC,IAAI,CAAC,iBAAiB,EAAE,UAAO,GAAY,EAAE,GAAa;;;;;gBACvD,MAAM,GAAG,GAAG,CAAC,MAAM,CAAC,MAAM,CAAC;;;;gBAGvB,MAAM,SAAA;gBACC,qBAAM,IAAA,4BAAU,EAAC,MAAM,CAAC,EAAA;;gBAA/B,IAAI,GAAG,SAAwB;gBACnC,GAAG,CAAC,IAAI,CAAC,EAAE,IAAI,MAAA,EAAE,CAAC,CAAC;gBACnB,IAAI,MAAM,IAAI,GAAG,EAAE;oBACf,GAAG,CAAC,UAAU,CAAC,GAAG,CAAC,CAAC;iBACvB;qBAAM,IAAI,MAAM,IAAI,GAAG,EAAE;oBACtB,GAAG,CAAC,UAAU,CAAC,GAAG,CAAC,CAAC;iBACvB;;;;gBAED,GAAG,CAAC,MAAM,CAAC,GAAG,CAAC,CAAC;gBAChB,GAAG,CAAC,IAAI,CAAC,EAAE,OAAO,EAAE,KAAG,CAAC,IAAI,EAAE,MAAM,EAAE,KAAG,CAAC,OAAO,EAAE,CAAC,CAAC;;;;;KAE5D,CAAC,CAAC;AACH,IAAI,CAAC,IAAI,CACL,4BAA4B,EAC5B,MAAM,CAAC,MAAM,CAAC,MAAM,CAAC,EACrB,UAAO,GAAY,EAAE,GAAa;;;;;gBAC1B,MAAM,GAAG,GAAG,CAAC,MAAM,CAAC,MAAM,CAAC;gBAC3B,IAAI,GAAW,GAAG,CAAC,KAAK,CAAC,IAAc,CAAC;;;;gBAEpC,MAAM,SAAA,EAAE,IAAI,SAAK,CAAC;qBAClB,IAAA,yBAAO,EAAC,GAAG,CAAC,EAAZ,wBAAY;gBACL,qBAAM,IAAA,mCAAiB,EAAC,MAAM,EAAE,IAAI,EAAE,GAAG,CAAC,IAAI,CAAC,EAAA;;gBAAtD,IAAI,GAAG,SAA+C,CAAC;;;gBAE3D,MAAM,GAAG,IAAI,CAAC,CAAC,CAAC,CAAC;gBACjB,IAAI,MAAM,IAAI,GAAG,EAAE;oBACf,GAAG,CAAC,UAAU,CAAC,GAAG,CAAC,CAAC;iBACvB;qBAAM,IAAI,MAAM,IAAI,GAAG,EAAE;oBACtB,GAAG,CAAC,UAAU,CAAC,GAAG,CAAC,CAAC;iBACvB;;;;gBAED,GAAG,CAAC,MAAM,CAAC,GAAG,CAAC,CAAC;gBAChB,GAAG,CAAC,IAAI,CAAC,EAAE,OAAO,EAAE,KAAG,CAAC,IAAI,EAAE,MAAM,EAAE,KAAG,CAAC,OAAO,EAAE,CAAC,CAAC;;;;;KAE5D,CACJ,CAAC;AAEF,IAAI,CAAC,IAAI,CAAC,cAAc,EAAE,UAAO,GAAY,EAAE,GAAa;;;;;;gBAEhD,KAAK,GAAW,GAAG,CAAC,MAAM,CAAC,KAAK,CAAC;gBACf,qBAAM,GAAG,CAAC,IAAI,EAAA;;gBAAhC,UAAU,GAAQ,SAAc;gBAEd,qBAAM,IAAA,kCAAgB,EAAC,KAAK,CAAC,CAAC,IAAI,EAAE,EAAA;;gBAApD,OAAO,GAAS,SAAoC;gBACpD,MAAM,GAAG,OAAO,CAAC,CAAC,CAAC,CAAC;qBACtB,CAAA,MAAM,IAAI,GAAG,CAAA,EAAb,wBAAa;gBACb,GAAG,CAAC,MAAM,CAAC,GAAG,CAAC,CAAC,IAAI,CAAC,gBAAgB,CAAC,CAAC;;oBAEpB,qBAAM,OAAO,CAAC,CAAC,CAAC,CAAC,IAAI,EAAA;;gBAAlC,UAAU,GAAG,SAAqB;gBAC7B,qBAAM,OAAO,CAAC,CAAC,CAAC,CAAC,EAAE,EAAA;;gBAAxB,EAAE,GAAG,SAAmB;gBACJ,qBAAM,IAAA,6BAAW,EACvC,UAAU,EACV,UAAU,EACV,EAAE,CACL,CAAC,IAAI,EAAE,EAAA;;gBAJF,WAAW,GAAS,SAIlB;gBACyB,qBAAM,WAAW,CAAC,CAAC,CAAC,EAAA;;gBAA/C,KAA2B,SAAoB,EAA7C,QAAQ,cAAA,EAAK,OAAO,cAAtB,YAAwB,CAAF;gBAC5B,OAAO,CAAC,GAAG,CAAC,WAAW,CAAC,CAAC;gBACzB,GAAG,CAAC,MAAM,CAAC,GAAG,CAAC,CAAC,IAAI,CAAC,OAAO,CAAC,CAAC;;;;;gBAGlC,GAAG,CAAC,MAAM,CAAC,GAAG,CAAC,CAAC;gBAChB,GAAG,CAAC,IAAI,CAAC,EAAE,OAAO,EAAE,KAAG,CAAC,IAAI,EAAE,MAAM,EAAE,KAAG,CAAC,OAAO,EAAE,CAAC,CAAC;;;;;KAE5D,CAAC,CAAC;AAEH,kEAAkE;AAClE,IAAI,CAAC,GAAG,CAAC,iBAAiB,EAAE,UAAO,GAAY,EAAE,GAAa;;;;;gBACtD,aAAa,GAAG,GAAG,CAAC,KAAK,CAAC,aAAuB,CAAC;gBAClD,WAAW,GAAG,GAAG,CAAC,KAAK,CAAC,WAAqB,CAAC;gBAEvC,qBAAM,IAAA,4BAAU,EAAC,aAAa,EAAE,WAAW,CAAC,EAAA;;gBAAnD,IAAI,GAAG,SAA4C;gBAEvD,IAAI,IAAI,CAAC,CAAC,CAAC,IAAI,GAAG,EAAE;oBAChB,GAAG,CAAC,UAAU,CAAC,GAAG,CAAC,CAAC;iBACvB;qBAAM;oBACH,GAAG,CAAC,UAAU,CAAC,GAAG,CAAC,CAAC;iBACvB;;;;KACJ,CAAC,CAAC;AAEH,IAAI,CAAC,GAAG,CAAC,mBAAmB,EAAE,UAAO,GAAY,EAAE,GAAa;;;;;gBACxD,YAAY,GAAG,GAAG,CAAC,KAAK,CAAC,YAAsB,CAAC;gBAChD,WAAW,GAAG,GAAG,CAAC,KAAK,CAAC,WAAqB,CAAC;gBAC9C,QAAQ,GAAG,GAAG,CAAC,KAAK,CAAC,QAAe,CAAC;gBAEzC,IAAI,QAAQ,IAAI,MAAM,EAAE;oBACpB,QAAQ,GAAG,IAAI,CAAC;iBACnB;qBAAM;oBACH,QAAQ,GAAG,KAAK,CAAC;iBACpB;gBAEU,qBAAM,IAAA,8BAAY,EACzB,WAAW,EACX,YAAY,EACZ,QAAmB,CACtB,EAAA;;gBAJG,IAAI,GAAG,SAIV;gBAED,IAAI,IAAI,CAAC,CAAC,CAAC,IAAI,GAAG,EAAE;oBAChB,GAAG,CAAC,UAAU,CAAC,GAAG,CAAC,CAAC;iBACvB;qBAAM;oBACH,GAAG,CAAC,UAAU,CAAC,GAAG,CAAC,CAAC;iBACvB;;;;KACJ,CAAC,CAAC;AAEH,IAAI,CAAC,GAAG,CAAC,4BAA4B,EAAE,UAAO,GAAY,EAAE,GAAa;;;;;gBACjE,SAAS,GAAG,GAAG,CAAC,KAAK,CAAC,SAAmB,CAAC;gBAEnC,qBAAM,IAAA,0CAAwB,EAAC,SAAS,EAAE,KAAK,CAAC,EAAA;;gBAAvD,IAAI,GAAG,SAAgD;gBAE3D,IAAI,IAAI,CAAC,CAAC,CAAC,IAAI,GAAG,EAAE;oBAChB,GAAG,CAAC,MAAM,CAAC,GAAG,CAAC,CAAC;oBAChB,GAAG,CAAC,IAAI,CAAC;wBACL,QAAQ,EAAE,SAAS;wBACnB,IAAI,MAAA;qBACP,CAAC,CAAC;iBACN;qBAAM;oBACH,GAAG,CAAC,UAAU,CAAC,GAAG,CAAC,CAAC;iBACvB;;;;KACJ,CAAC,CAAC;AAEH,IAAI,CAAC,GAAG,CAAC,kBAAkB,EAAE,UAAO,GAAY,EAAE,GAAa;;;;;gBACvD,SAAS,GAAG,GAAG,CAAC,KAAK,CAAC,SAAmB,CAAC;gBAEnC,qBAAM,IAAA,0CAAwB,EAAC,SAAS,EAAE,IAAI,CAAC,EAAA;;gBAAtD,IAAI,GAAG,SAA+C;gBAE1D,IAAI,IAAI,CAAC,CAAC,CAAC,IAAI,GAAG,EAAE;oBAChB,GAAG,CAAC,MAAM,CAAC,GAAG,CAAC,CAAC;oBAChB,GAAG,CAAC,IAAI,CAAC;wBACL,QAAQ,EAAE,SAAS;wBACnB,IAAI,MAAA;qBACP,CAAC,CAAC;iBACN;qBAAM;oBACH,GAAG,CAAC,UAAU,CAAC,GAAG,CAAC,CAAC;iBACvB;;;;KACJ,CAAC,CAAC;AAEH,mEAAmE;AAEnE,gEAAgE;AAChE,IAAI,CAAC,IAAI,CAAC,qBAAqB,EAAE,UAAO,GAAY,EAAE,GAAa;;;;;gBAC/D,OAAO,CAAC,GAAG,CAAC,SAAS,CAAC,CAAC;gBACnB,KAAK,GAAW,GAAG,CAAC,MAAM,CAAC,KAAK,CAAC;gBACjC,QAAQ,GAAW,GAAG,CAAC,IAAI,CAAC,QAAQ,CAAC;gBACrC,QAAQ,GAAW,GAAG,CAAC,IAAI,CAAC,QAAQ,CAAC;gBACrC,MAAM,GAAW,GAAG,CAAC,IAAI,CAAC,MAAM,CAAC;gBACjC,OAAO,GAAW,GAAG,CAAC,IAAI,CAAC,OAAO,CAAC;gBACnC,QAAQ,GAAW,GAAG,CAAC,IAAI,CAAC,QAAQ,CAAC;gBACrC,WAAW,GAAW,GAAG,CAAC,IAAI,CAAC,WAAW,CAAC;gBAC3C,QAAQ,GAAW,GAAG,CAAC,IAAI,CAAC,QAAQ,CAAC;gBACzC,OAAO,CAAC,GAAG,CAAC,KAAK,CAAC,CAAC;gBACG,qBAAM,IAAA,kCAAgB,EAAC,KAAK,CAAC,CAAC,IAAI,EAAE,EAAA;;gBAApD,OAAO,GAAS,SAAoC;gBAC1D,OAAO,CAAC,GAAG,CAAC,OAAO,CAAC,CAAC;gBACf,MAAM,GAAG,OAAO,CAAC,CAAC,CAAC,CAAC;qBACtB,CAAA,MAAM,IAAI,GAAG,CAAA,EAAb,wBAAa;gBACb,GAAG,CAAC,MAAM,CAAC,GAAG,CAAC,CAAC,IAAI,CAAC,EAAE,MAAM,EAAE,yBAAyB,EAAE,CAAC,CAAC;;;qBACrD,CAAC,OAAO,CAAC,CAAC,CAAC,CAAC,IAAI,CAAC,WAAW,EAA5B,wBAA4B;gBACnC,OAAO,CAAC,GAAG,CAAC,OAAO,CAAC,CAAC,CAAC,CAAC,WAAW,CAAC,CAAC;gBACpC,OAAO,CAAC,GAAG,CAAC,mCAAmC,CAAC,CAAC;gBACjD,GAAG,CAAC,MAAM,CAAC,GAAG,CAAC,CAAC;gBAChB,GAAG,CAAC,IAAI,CAAC,EAAE,MAAM,EAAE,8BAA8B,EAAE,CAAC,CAAC;;;;gBAGjC,qBAAM,IAAA,wCAAgB,EAClC,QAAQ,EACR,QAAQ,EACR,MAAM,EACN,OAAO,EACP,QAAQ,EACR,WAAW,EACX,KAAK,EACL,QAAQ,EACR,OAAO,CAAC,CAAC,CAAC,CAAC,IAAI,CAAC,MAAM,CACzB,EAAA;;gBAVG,IAAI,GAAQ,SAUf;gBACD,IAAI,IAAI,CAAC,CAAC,CAAC,IAAI,GAAG,EAAE;oBAChB,OAAO,CAAC,GAAG,CAAC,IAAI,CAAC,CAAC,CAAC,CAAC,CAAC;oBACrB,GAAG,CAAC,MAAM,CAAC,IAAI,CAAC,CAAC,CAAC,CAAC,CAAC;oBACpB,GAAG,CAAC,IAAI,CAAC,IAAI,CAAC,CAAC,CAAC,CAAC,CAAC;iBACrB;qBAAM;oBACH,GAAG,CAAC,MAAM,CAAC,IAAI,CAAC,CAAC,CAAC,CAAC,CAAC;oBACpB,GAAG,CAAC,IAAI,CAAC,IAAI,CAAC,CAAC,CAAC,CAAC,CAAC;iBACrB;;;;gBAED,GAAG,CAAC,MAAM,CAAC,GAAG,CAAC,CAAC;gBAChB,GAAG,CAAC,IAAI,CAAC,EAAE,OAAO,EAAE,KAAG,CAAC,IAAI,EAAE,MAAM,EAAE,KAAG,CAAC,OAAO,EAAE,CAAC,CAAC;;;;;KAGhE,CAAC,CAAC;AACH,gCAAgC;AAChC,MAAM,CAAC,OAAO,GAAG,IAAI,CAAC;AACtB,iEAAiE;AAEjE,IAAI,CAAC,GAAG,CAAC,aAAa,EAAE,UAAO,GAAY,EAAE,GAAa;;;;;;gBAClD,MAAM,GAAQ,EAAE,CAAC;;oBAErB,KAA2B,KAAA,SAAA,MAAM,CAAC,OAAO,CAAC,GAAG,CAAC,KAAK,CAAC,CAAA,4CAAE;wBAA3C,KAAA,mBAAY,EAAX,GAAG,QAAA,EAAE,KAAK,QAAA;wBAClB,MAAM,CAAC,GAAG,CAAC,GAAG,KAAK,CAAC;qBACvB;;;;;;;;;gBAED,OAAO,CAAC,GAAG,CAAC,GAAG,CAAC,KAAK,CAAC,CAAC;;;;gBAEf,MAAM,SAAA;gBACC,qBAAM,IAAA,4CAA0B,EAAC,MAAM,CAAC,EAAA;;gBAA/C,IAAI,GAAG,SAAwC;gBACnD,GAAG,CAAC,IAAI,CAAC,IAAI,CAAC,CAAC;gBACf,GAAG,CAAC,MAAM,CAAC,GAAG,CAAC,CAAC;gBAChB,IAAI,MAAM,IAAI,GAAG,EAAE;oBACf,GAAG,CAAC,UAAU,CAAC,GAAG,CAAC,CAAC;iBACvB;gBACD,IAAI,MAAM,IAAI,GAAG,EAAE;oBACf,GAAG,CAAC,UAAU,CAAC,GAAG,CAAC,CAAC;iBACvB;;;;gBAED,GAAG,CAAC,MAAM,CAAC,GAAG,CAAC,CAAC;gBAChB,GAAG,CAAC,IAAI,CAAC,EAAE,OAAO,EAAE,KAAG,CAAC,IAAI,EAAE,MAAM,EAAE,KAAG,CAAC,OAAO,EAAE,CAAC,CAAC;;;;;KAE5D,CAAC,CAAC","sourcesContent":["import express, { Request, Response } from \"express\";\r\nimport { createJobPosting } from \"../controllers/jobPostingControllers\";\r\n//import { UserImportBuilder } from \"firebase-admin/lib/auth/user-import-builder\";\r\nexport interface IGetUserAuthInfoRequest extends Request {\r\n    user: string; // or any other type\r\n}\r\nimport {\r\n    getUserWithID,\r\n    getUserWithEmail,\r\n    registerUser,\r\n    deleteUser,\r\n    sendInvite,\r\n    manageInvite,\r\n    editAccount,\r\n    getInvitationsOrContacts,\r\n    getFilteredUsersController,\r\n    generateAccessToken,\r\n    verifyJWT,\r\n    hasUser,\r\n    getAccountFile,\r\n    uploadAccountFile,\r\n    hasFile,\r\n} from \"../controllers/userControllers\";\r\nimport dotenv from \"dotenv\";\r\nimport { User } from \"../models/User\";\r\nimport { compare } from \"bcrypt\";\r\nconst multer = require(\"multer\");\r\nvar upload = multer({ storage: multer.memoryStorage() });\r\nconst user = express.Router();\r\nuser.use(express.json());\r\ndotenv.config();\r\n//Get complete user by their id\r\nuser.get(\"/id/:userID\", async (req: Request, res: Response) => {\r\n    let userID = req.params.userID;\r\n    //console.log(userID);\r\n    try {\r\n        let status,\r\n            data = await getUserWithID(userID);\r\n        res.json({ data });\r\n        if (status == 200) {\r\n            res.sendStatus(200);\r\n        } else if (status == 404) {\r\n            res.sendStatus(404);\r\n        }\r\n    } catch (err: any) {\r\n        res.status(400);\r\n        res.json({ errType: err.Name, errMsg: err.message });\r\n    }\r\n});\r\n\r\n// Get user by their email then verify the password\r\nuser.get(\"/api/login\", async (req: Request, res: Response) => {\r\n    let user;\r\n    try {\r\n        let email: string = req.query.email as string;\r\n        let pwd: string = req.query.password as string;\r\n        const userArr: User = await getUserWithEmail(email).then();\r\n\r\n        const status = userArr[0];\r\n\r\n        if (status == 404) {\r\n            res.status(404).json(\"User not found\");\r\n            return;\r\n        } else {\r\n            const { password, ...user } = await userArr[1].data;\r\n            let match = await compare(pwd, password);\r\n            const token = generateAccessToken(user);\r\n            if (match) {\r\n                res.cookie(\"FrontendUser\", token, {\r\n                    maxAge: 28800000,\r\n                    path: \"/\",\r\n                    httpOnly: true,\r\n                    sameSite: \"none\",\r\n                    secure: true,\r\n                });\r\n                res.status(200).json(user);\r\n            } else {\r\n                res.status(401).json(\r\n                    \"A user with such password email config does not exist\"\r\n                );\r\n            }\r\n        }\r\n    } catch (err: any) {\r\n        res.status(400);\r\n        res.json({ errType: err.name, errMsg: err.message });\r\n    }\r\n    return user;\r\n});\r\nuser.post(\"/api/session\", [verifyJWT], async (req: Request, res: Response) => {\r\n    try {\r\n        if (hasUser(req)) {\r\n            console.log(req.user);\r\n            return res.status(200).json(req.user);\r\n        } else {\r\n            throw { msg: \"no user\" };\r\n        }\r\n    } catch (err: any) {\r\n        return res.status(400).json({ errType: err.name, errMsg: err.message });\r\n    }\r\n});\r\nuser.get(\"/accountFile/:userID\", async (req: Request, res: Response) => {\r\n    let userID = req.params.userID;\r\n    let type: string = req.query.type as string;\r\n    try {\r\n        let status,\r\n            data = await getAccountFile(userID, type);\r\n        res.json({ data });\r\n        if (status == 200) {\r\n            res.sendStatus(200);\r\n        } else if (status == 404) {\r\n            res.sendStatus(404);\r\n        }\r\n    } catch (err: any) {\r\n        res.status(400);\r\n        res.json({ errType: err.Name, errMsg: err.message });\r\n    }\r\n});\r\n\r\nuser.post(\"/api/register\", async (req: Request, res: Response) => {\r\n    try {\r\n        const registeredUser: User = await registerUser(req.body);\r\n        const status: number = registeredUser[0];\r\n        //console.log(\"user registration\");\r\n        if (status == 200) {\r\n            res.status(200);\r\n            res.json({\r\n                Response: \"Success\",\r\n                registeredUser,\r\n            });\r\n        } else if (status !== 404) {\r\n            res.sendStatus(status);\r\n        }\r\n    } catch (err: any) {\r\n        res.status(400);\r\n        res.json({ errType: err.Name, errMsg: err.message });\r\n    }\r\n});\r\nuser.post(\"/api/logout\", async (req: Request, res: Response) => {\r\n    console.log(\"We are in \");\r\n    console.log(await req.cookies.FrontendUser);\r\n    try {\r\n        res.cookie(\"FrontendUser\", \"\", {\r\n            expires: new Date(Date.now()),\r\n            path: \"/\",\r\n            httpOnly: true,\r\n        });\r\n        console.log(req.cookies.FrontendUser);\r\n        return res.status(200).json(true);\r\n    } catch (err: any) {\r\n        return res.status(400).json({ errType: err.Name, errMsg: err.message });\r\n    }\r\n});\r\nuser.post(\"/delete/:userID\", async (req: Request, res: Response) => {\r\n    let userID = req.params.userID;\r\n    //console.log(userID);\r\n    try {\r\n        let status,\r\n            data = await deleteUser(userID);\r\n        res.json({ data });\r\n        if (status == 200) {\r\n            res.sendStatus(200);\r\n        } else if (status == 404) {\r\n            res.sendStatus(404);\r\n        }\r\n    } catch (err: any) {\r\n        res.status(400);\r\n        res.json({ errType: err.Name, errMsg: err.message });\r\n    }\r\n});\r\nuser.post(\r\n    \"/uploadAccountFile/:userID\",\r\n    upload.single(\"file\"),\r\n    async (req: Request, res: Response) => {\r\n        let userID = req.params.userID;\r\n        let type: string = req.query.type as string;\r\n        try {\r\n            let status, data: any;\r\n            if (hasFile(req)) {\r\n                data = await uploadAccountFile(userID, type, req.file);\r\n            }\r\n            status = data[0];\r\n            if (status == 200) {\r\n                res.sendStatus(200);\r\n            } else if (status == 404) {\r\n                res.sendStatus(404);\r\n            }\r\n        } catch (err: any) {\r\n            res.status(400);\r\n            res.json({ errType: err.Name, errMsg: err.message });\r\n        }\r\n    }\r\n);\r\n\r\nuser.post(\"/edit/:email\", async (req: Request, res: Response) => {\r\n    try {\r\n        let email: string = req.params.email;\r\n        let newProfile: any = await req.body;\r\n        //Find the account of the current email address\r\n        const userArr: User = await getUserWithEmail(email).then();\r\n        const status = userArr[0];\r\n        if (status == 404) {\r\n            res.status(404).json(\"User not found\");\r\n        } else {\r\n            const oldProfile = await userArr[1].data;\r\n            const ID = await userArr[1].id;\r\n            const newSettings: User = await editAccount(\r\n                oldProfile,\r\n                newProfile,\r\n                ID\r\n            ).then();\r\n            const { password, ...newUser } = await newSettings[1];\r\n            console.log(newSettings);\r\n            res.status(200).json(newUser);\r\n        }\r\n    } catch (err: any) {\r\n        res.status(400);\r\n        res.json({ errType: err.name, errMsg: err.message });\r\n    }\r\n});\r\n\r\n//***********User invitation routes section***********************\r\nuser.get(\"/api/sendInvite\", async (req: Request, res: Response) => {\r\n    let receiverEmail = req.query.receiverEmail as string;\r\n    let senderEmail = req.query.senderEmail as string;\r\n\r\n    let data = await sendInvite(receiverEmail, senderEmail);\r\n\r\n    if (data[0] == 200) {\r\n        res.sendStatus(200);\r\n    } else {\r\n        res.sendStatus(404);\r\n    }\r\n});\r\n\r\nuser.get(\"/api/manageInvite\", async (req: Request, res: Response) => {\r\n    let invitedEmail = req.query.invitedEmail as string;\r\n    let senderEmail = req.query.senderEmail as string;\r\n    let isAccept = req.query.isAccept as any;\r\n\r\n    if (isAccept == \"true\") {\r\n        isAccept = true;\r\n    } else {\r\n        isAccept = false;\r\n    }\r\n\r\n    let data = await manageInvite(\r\n        senderEmail,\r\n        invitedEmail,\r\n        isAccept as boolean\r\n    );\r\n\r\n    if (data[0] == 200) {\r\n        res.sendStatus(200);\r\n    } else {\r\n        res.sendStatus(404);\r\n    }\r\n});\r\n\r\nuser.get(\"/api/getPendingInvitations\", async (req: Request, res: Response) => {\r\n    let userEmail = req.query.userEmail as string;\r\n\r\n    let data = await getInvitationsOrContacts(userEmail, false);\r\n\r\n    if (data[0] == 200) {\r\n        res.status(200);\r\n        res.json({\r\n            Response: \"Success\",\r\n            data,\r\n        });\r\n    } else {\r\n        res.sendStatus(404);\r\n    }\r\n});\r\n\r\nuser.get(\"/api/getContacts\", async (req: Request, res: Response) => {\r\n    let userEmail = req.query.userEmail as string;\r\n\r\n    let data = await getInvitationsOrContacts(userEmail, true);\r\n\r\n    if (data[0] == 200) {\r\n        res.status(200);\r\n        res.json({\r\n            Response: \"Success\",\r\n            data,\r\n        });\r\n    } else {\r\n        res.sendStatus(404);\r\n    }\r\n});\r\n\r\n//****************End User invitation route section *************//\r\n\r\n//****************Start Job Posting route ********************//\r\nuser.post(\"/api/posting/:email\", async (req: Request, res: Response) => {\r\n    console.log(\"I AM IN\");\r\n    let email: string = req.params.email;\r\n    let location: string = req.body.location;\r\n    let position: string = req.body.position;\r\n    let salary: string = req.body.salary;\r\n    let company: string = req.body.company;\r\n    let contract: string = req.body.contract;\r\n    let description: string = req.body.description;\r\n    let category: string = req.body.category;\r\n    console.log(email);\r\n    const userArr: User = await getUserWithEmail(email).then();\r\n    console.log(userArr);\r\n    const status = userArr[0];\r\n    if (status == 404) {\r\n        res.status(404).json({ errMsg: \"That user doesnt exists\" });\r\n    } else if (!userArr[1].data.isRecruiter) {\r\n        console.log(userArr[1].isRecruiter);\r\n        console.log(\"That user is not even a recruiter\");\r\n        res.status(400);\r\n        res.json({ errMsg: \"That user is not a recruiter\" });\r\n    } else {\r\n        try {\r\n            let data: any = await createJobPosting(\r\n                location,\r\n                position,\r\n                salary,\r\n                company,\r\n                contract,\r\n                description,\r\n                email,\r\n                category,\r\n                userArr[1].data.userID\r\n            );\r\n            if (data[0] == 200) {\r\n                console.log(data[1]);\r\n                res.status(data[0]);\r\n                res.json(data[1]);\r\n            } else {\r\n                res.status(data[0]);\r\n                res.json(data[1]);\r\n            }\r\n        } catch (err: any) {\r\n            res.status(400);\r\n            res.json({ errType: err.name, errMsg: err.message });\r\n        }\r\n    }\r\n});\r\n//Exporting the user as a module\r\nmodule.exports = user;\r\n//****************End User invitation route section ***********88\r\n\r\nuser.get(\"/api/search\", async (req: Request, res: Response) => {\r\n    var filter: any = {};\r\n\r\n    for (const [key, value] of Object.entries(req.query)) {\r\n        filter[key] = value;\r\n    }\r\n\r\n    console.log(req.query);\r\n    try {\r\n        let status,\r\n            data = await getFilteredUsersController(filter);\r\n        res.json(data);\r\n        res.status(200);\r\n        if (status == 200) {\r\n            res.sendStatus(200);\r\n        }\r\n        if (status == 404) {\r\n            res.sendStatus(404);\r\n        }\r\n    } catch (err: any) {\r\n        res.status(400);\r\n        res.json({ errType: err.name, errMsg: err.message });\r\n    }\r\n});\r\n"]},"_coverageSchema":"1a1c01bbd47fc00a2c39e90264f33305004495a9","hash":"dcae7a2e5fa9cedadeaf7a90245a8b95661423d9","contentHash":"356aacdbfa40aa88a0ff5033e942dc56a345b8258de2d38efbf34a850b8bd37c"}}